<?xml version="1.0" encoding="UTF-8"?>
<!-- Generated by org.testng.reporters.JUnitXMLReporter -->
<testsuite ignored="0" hostname="DESKTOP-1D3CBA8" failures="4" tests="32" name="Test" time="70.38" errors="0" timestamp="2023-01-03T09:23:09 IST">
  <testcase classname="Sample_Util.BASECLASS_ATEST" name="@AfterMethod logout" time="0.045">
    <failure type="org.openqa.selenium.ElementClickInterceptedException" message="Element &amp;lt;a id=&amp;quot;userDropdown&amp;quot; class=&amp;quot;nav-link dropdown-toggle&amp;quot; href=&amp;quot;#&amp;quot;&amp;gt; is not clickable at point (1277,33) because another element &amp;lt;div id=&amp;quot;preloader&amp;quot;&amp;gt; obscures it
Build info: version: &amp;apos;4.6.0&amp;apos;, revision: &amp;apos;79f1c02ae20&amp;apos;
System info: os.name: &amp;apos;Windows 10&amp;apos;, os.arch: &amp;apos;amd64&amp;apos;, os.version: &amp;apos;10.0&amp;apos;, java.version: &amp;apos;17.0.4&amp;apos;
Driver info: org.openqa.selenium.firefox.FirefoxDriver
Command: [b31e8f0f-6ad0-428a-a7fc-1d0793565ec8, clickElement {id=0b34c230-af5a-4663-80ca-a406a63c615d}]
Capabilities {acceptInsecureCerts: true, browserName: firefox, browserVersion: 108.0.1, moz:accessibilityChecks: false, moz:buildID: 20221215175817, moz:debuggerAddress: 127.0.0.1:3011, moz:geckodriverVersion: 0.32.0, moz:headless: false, moz:platformVersion: 10.0, moz:processID: 8736, moz:profile: C:\Users\u\AppData\Local\Te..., moz:shutdownTimeout: 60000, moz:useNonSpecCompliantPointerOrigin: false, moz:webdriverClick: true, moz:windowless: false, pageLoadStrategy: normal, platformName: WINDOWS, proxy: Proxy(), se:cdp: ws://127.0.0.1:3011/devtool..., se:cdpVersion: 85.0, setWindowRect: true, strictFileInteractability: false, timeouts: {implicit: 0, pageLoad: 300000, script: 30000}, unhandledPromptBehavior: dismiss and notify}
Element: [[FirefoxDriver: firefox on WINDOWS (b31e8f0f-6ad0-428a-a7fc-1d0793565ec8)] -&amp;gt; xpath: (//a[@data-toggle=&amp;apos;dropdown&amp;apos;])[2]]
Session ID: b31e8f0f-6ad0-428a-a7fc-1d0793565ec8">
      <![CDATA[org.openqa.selenium.ElementClickInterceptedException: Element <a id="userDropdown" class="nav-link dropdown-toggle" href="#"> is not clickable at point (1277,33) because another element <div id="preloader"> obscures it
Build info: version: '4.6.0', revision: '79f1c02ae20'
System info: os.name: 'Windows 10', os.arch: 'amd64', os.version: '10.0', java.version: '17.0.4'
Driver info: org.openqa.selenium.firefox.FirefoxDriver
Command: [b31e8f0f-6ad0-428a-a7fc-1d0793565ec8, clickElement {id=0b34c230-af5a-4663-80ca-a406a63c615d}]
Capabilities {acceptInsecureCerts: true, browserName: firefox, browserVersion: 108.0.1, moz:accessibilityChecks: false, moz:buildID: 20221215175817, moz:debuggerAddress: 127.0.0.1:3011, moz:geckodriverVersion: 0.32.0, moz:headless: false, moz:platformVersion: 10.0, moz:processID: 8736, moz:profile: C:\Users\u\AppData\Local\Te..., moz:shutdownTimeout: 60000, moz:useNonSpecCompliantPointerOrigin: false, moz:webdriverClick: true, moz:windowless: false, pageLoadStrategy: normal, platformName: WINDOWS, proxy: Proxy(), se:cdp: ws://127.0.0.1:3011/devtool..., se:cdpVersion: 85.0, setWindowRect: true, strictFileInteractability: false, timeouts: {implicit: 0, pageLoad: 300000, script: 30000}, unhandledPromptBehavior: dismiss and notify}
Element: [[FirefoxDriver: firefox on WINDOWS (b31e8f0f-6ad0-428a-a7fc-1d0793565ec8)] -> xpath: (//a[@data-toggle='dropdown'])[2]]
Session ID: b31e8f0f-6ad0-428a-a7fc-1d0793565ec8
at org.openqa.selenium.remote.codec.w3c.W3CHttpResponseCodec.createException(W3CHttpResponseCodec.java:200)
at org.openqa.selenium.remote.codec.w3c.W3CHttpResponseCodec.decode(W3CHttpResponseCodec.java:133)
at org.openqa.selenium.remote.codec.w3c.W3CHttpResponseCodec.decode(W3CHttpResponseCodec.java:53)
at org.openqa.selenium.remote.HttpCommandExecutor.execute(HttpCommandExecutor.java:184)
at org.openqa.selenium.remote.service.DriverCommandExecutor.invokeExecute(DriverCommandExecutor.java:167)
at org.openqa.selenium.remote.service.DriverCommandExecutor.execute(DriverCommandExecutor.java:142)
at org.openqa.selenium.remote.RemoteWebDriver.execute(RemoteWebDriver.java:541)
at org.openqa.selenium.remote.RemoteWebElement.execute(RemoteWebElement.java:257)
at org.openqa.selenium.remote.RemoteWebElement.click(RemoteWebElement.java:78)
at org.openqa.selenium.support.pagefactory.internal.LocatingElementHandler.invoke(LocatingElementHandler.java:52)
at jdk.proxy2/jdk.proxy2.$Proxy35.click(Unknown Source)
at PAYTMPE_POR.DASHBOARDPAGE.User_dropdownLinkMenu(DASHBOARDPAGE.java:143)
at Sample_Util.BASECLASS_ATEST.logout(BASECLASS_ATEST.java:77)
at java.base/java.util.ArrayList.forEach(ArrayList.java:1511)
... Removed 41 stack frames]]>
    </failure>
  </testcase> <!-- @AfterMethod logout -->
  <testcase classname="Sample_Util.BASECLASS_ATEST" name="@BeforeMethod login" time="-1.672717936519E9">
    <skipped/>
  </testcase> <!-- @BeforeMethod login -->
  <testcase classname="Sample_Util.BASECLASS_ATEST" name="@AfterMethod logout" time="-1.672717936601E9">
    <skipped/>
  </testcase> <!-- @AfterMethod logout -->
  <testcase classname="Sample_Util.BASECLASS_ATEST" name="@BeforeMethod login" time="-1.672717936604E9">
    <skipped/>
  </testcase> <!-- @BeforeMethod login -->
  <testcase classname="Sample_Util.BASECLASS_ATEST" name="@AfterMethod logout" time="-1.672717936653E9">
    <skipped/>
  </testcase> <!-- @AfterMethod logout -->
  <testcase classname="Sample_Util.BASECLASS_ATEST" name="@BeforeMethod login" time="-1.672717936661E9">
    <skipped/>
  </testcase> <!-- @BeforeMethod login -->
  <testcase classname="Sample_Util.BASECLASS_ATEST" name="@AfterMethod logout" time="-1.6727179367E9">
    <skipped/>
  </testcase> <!-- @AfterMethod logout -->
  <testcase classname="Sample_Util.BASECLASS_ATEST" name="@BeforeMethod login" time="-1.672717936718E9">
    <skipped/>
  </testcase> <!-- @BeforeMethod login -->
  <testcase classname="Sample_Util.BASECLASS_ATEST" name="@AfterMethod logout" time="-1.672717936771E9">
    <skipped/>
  </testcase> <!-- @AfterMethod logout -->
  <testcase classname="Sample_Util.BASECLASS_ATEST" name="@BeforeMethod login" time="-1.672717936782E9">
    <skipped/>
  </testcase> <!-- @BeforeMethod login -->
  <testcase classname="Sample_Util.BASECLASS_ATEST" name="@AfterMethod logout" time="-1.672717936805E9">
    <skipped/>
  </testcase> <!-- @AfterMethod logout -->
  <testcase classname="Sample_Util.BASECLASS_ATEST" name="@BeforeMethod login" time="-1.672717936816E9">
    <skipped/>
  </testcase> <!-- @BeforeMethod login -->
  <testcase classname="Sample_Util.BASECLASS_ATEST" name="@AfterMethod logout" time="-1.672717936838E9">
    <skipped/>
  </testcase> <!-- @AfterMethod logout -->
  <testcase classname="Sample_Util.BASECLASS_ATEST" name="@BeforeMethod login" time="-1.672717936851E9">
    <skipped/>
  </testcase> <!-- @BeforeMethod login -->
  <testcase classname="Sample_Util.BASECLASS_ATEST" name="@AfterMethod logout" time="-1.672717936898E9">
    <skipped/>
  </testcase> <!-- @AfterMethod logout -->
  <testcase classname="Sample_Util.BASECLASS_ATEST" name="@AfterClass Teardown" time="-1.6727179369E9">
    <skipped/>
  </testcase> <!-- @AfterClass Teardown -->
  <testcase classname="Sample_Util.BASECLASS_ATEST" name="@AfterMethod logout" time="0.062">
    <failure type="org.openqa.selenium.ElementClickInterceptedException" message="Element &amp;lt;a id=&amp;quot;userDropdown&amp;quot; class=&amp;quot;nav-link dropdown-toggle&amp;quot; href=&amp;quot;#&amp;quot;&amp;gt; is not clickable at point (1277,33) because another element &amp;lt;div id=&amp;quot;preloader&amp;quot;&amp;gt; obscures it
Build info: version: &amp;apos;4.6.0&amp;apos;, revision: &amp;apos;79f1c02ae20&amp;apos;
System info: os.name: &amp;apos;Windows 10&amp;apos;, os.arch: &amp;apos;amd64&amp;apos;, os.version: &amp;apos;10.0&amp;apos;, java.version: &amp;apos;17.0.4&amp;apos;
Driver info: org.openqa.selenium.firefox.FirefoxDriver
Command: [9fb3acf0-6a99-4c35-ae86-128997532a00, clickElement {id=406bfc31-1a53-413f-82e5-9ebd2bb4495a}]
Capabilities {acceptInsecureCerts: true, browserName: firefox, browserVersion: 108.0.1, moz:accessibilityChecks: false, moz:buildID: 20221215175817, moz:debuggerAddress: 127.0.0.1:42594, moz:geckodriverVersion: 0.32.0, moz:headless: false, moz:platformVersion: 10.0, moz:processID: 13096, moz:profile: C:\Users\u\AppData\Local\Te..., moz:shutdownTimeout: 60000, moz:useNonSpecCompliantPointerOrigin: false, moz:webdriverClick: true, moz:windowless: false, pageLoadStrategy: normal, platformName: WINDOWS, proxy: Proxy(), se:cdp: ws://127.0.0.1:42594/devtoo..., se:cdpVersion: 85.0, setWindowRect: true, strictFileInteractability: false, timeouts: {implicit: 0, pageLoad: 300000, script: 30000}, unhandledPromptBehavior: dismiss and notify}
Element: [[FirefoxDriver: firefox on WINDOWS (9fb3acf0-6a99-4c35-ae86-128997532a00)] -&amp;gt; xpath: (//a[@data-toggle=&amp;apos;dropdown&amp;apos;])[2]]
Session ID: 9fb3acf0-6a99-4c35-ae86-128997532a00">
      <![CDATA[org.openqa.selenium.ElementClickInterceptedException: Element <a id="userDropdown" class="nav-link dropdown-toggle" href="#"> is not clickable at point (1277,33) because another element <div id="preloader"> obscures it
Build info: version: '4.6.0', revision: '79f1c02ae20'
System info: os.name: 'Windows 10', os.arch: 'amd64', os.version: '10.0', java.version: '17.0.4'
Driver info: org.openqa.selenium.firefox.FirefoxDriver
Command: [9fb3acf0-6a99-4c35-ae86-128997532a00, clickElement {id=406bfc31-1a53-413f-82e5-9ebd2bb4495a}]
Capabilities {acceptInsecureCerts: true, browserName: firefox, browserVersion: 108.0.1, moz:accessibilityChecks: false, moz:buildID: 20221215175817, moz:debuggerAddress: 127.0.0.1:42594, moz:geckodriverVersion: 0.32.0, moz:headless: false, moz:platformVersion: 10.0, moz:processID: 13096, moz:profile: C:\Users\u\AppData\Local\Te..., moz:shutdownTimeout: 60000, moz:useNonSpecCompliantPointerOrigin: false, moz:webdriverClick: true, moz:windowless: false, pageLoadStrategy: normal, platformName: WINDOWS, proxy: Proxy(), se:cdp: ws://127.0.0.1:42594/devtoo..., se:cdpVersion: 85.0, setWindowRect: true, strictFileInteractability: false, timeouts: {implicit: 0, pageLoad: 300000, script: 30000}, unhandledPromptBehavior: dismiss and notify}
Element: [[FirefoxDriver: firefox on WINDOWS (9fb3acf0-6a99-4c35-ae86-128997532a00)] -> xpath: (//a[@data-toggle='dropdown'])[2]]
Session ID: 9fb3acf0-6a99-4c35-ae86-128997532a00
at org.openqa.selenium.remote.codec.w3c.W3CHttpResponseCodec.createException(W3CHttpResponseCodec.java:200)
at org.openqa.selenium.remote.codec.w3c.W3CHttpResponseCodec.decode(W3CHttpResponseCodec.java:133)
at org.openqa.selenium.remote.codec.w3c.W3CHttpResponseCodec.decode(W3CHttpResponseCodec.java:53)
at org.openqa.selenium.remote.HttpCommandExecutor.execute(HttpCommandExecutor.java:184)
at org.openqa.selenium.remote.service.DriverCommandExecutor.invokeExecute(DriverCommandExecutor.java:167)
at org.openqa.selenium.remote.service.DriverCommandExecutor.execute(DriverCommandExecutor.java:142)
at org.openqa.selenium.remote.RemoteWebDriver.execute(RemoteWebDriver.java:541)
at org.openqa.selenium.remote.RemoteWebElement.execute(RemoteWebElement.java:257)
at org.openqa.selenium.remote.RemoteWebElement.click(RemoteWebElement.java:78)
at org.openqa.selenium.support.pagefactory.internal.LocatingElementHandler.invoke(LocatingElementHandler.java:52)
at jdk.proxy2/jdk.proxy2.$Proxy35.click(Unknown Source)
at PAYTMPE_POR.DASHBOARDPAGE.User_dropdownLinkMenu(DASHBOARDPAGE.java:143)
at Sample_Util.BASECLASS_ATEST.logout(BASECLASS_ATEST.java:77)
at java.base/java.util.ArrayList.forEach(ArrayList.java:1511)
... Removed 41 stack frames]]>
    </failure>
  </testcase> <!-- @AfterMethod logout -->
  <testcase classname="Sample_Util.BASECLASS_ATEST" name="@BeforeMethod login" time="-1.672717957686E9">
    <skipped/>
  </testcase> <!-- @BeforeMethod login -->
  <testcase classname="Sample_Util.BASECLASS_ATEST" name="@AfterMethod logout" time="-1.672717957698E9">
    <skipped/>
  </testcase> <!-- @AfterMethod logout -->
  <testcase classname="Sample_Util.BASECLASS_ATEST" name="@BeforeMethod login" time="-1.6727179577E9">
    <skipped/>
  </testcase> <!-- @BeforeMethod login -->
  <testcase classname="Sample_Util.BASECLASS_ATEST" name="@AfterMethod logout" time="-1.672717957708E9">
    <skipped/>
  </testcase> <!-- @AfterMethod logout -->
  <testcase classname="Sample_Util.BASECLASS_ATEST" name="@BeforeMethod login" time="-1.67271795771E9">
    <skipped/>
  </testcase> <!-- @BeforeMethod login -->
  <testcase classname="Sample_Util.BASECLASS_ATEST" name="@AfterMethod logout" time="-1.67271795772E9">
    <skipped/>
  </testcase> <!-- @AfterMethod logout -->
  <testcase classname="Sample_Util.BASECLASS_ATEST" name="@BeforeMethod login" time="-1.672717957725E9">
    <skipped/>
  </testcase> <!-- @BeforeMethod login -->
  <testcase classname="Sample_Util.BASECLASS_ATEST" name="@AfterMethod logout" time="-1.672717957731E9">
    <skipped/>
  </testcase> <!-- @AfterMethod logout -->
  <testcase classname="Sample_Util.BASECLASS_ATEST" name="@BeforeMethod login" time="-1.672717957735E9">
    <skipped/>
  </testcase> <!-- @BeforeMethod login -->
  <testcase classname="Sample_Util.BASECLASS_ATEST" name="@AfterMethod logout" time="-1.67271795782E9">
    <skipped/>
  </testcase> <!-- @AfterMethod logout -->
  <testcase classname="Sample_Util.BASECLASS_ATEST" name="@BeforeMethod login" time="-1.672717957827E9">
    <skipped/>
  </testcase> <!-- @BeforeMethod login -->
  <testcase classname="Sample_Util.BASECLASS_ATEST" name="@AfterMethod logout" time="-1.672717957859E9">
    <skipped/>
  </testcase> <!-- @AfterMethod logout -->
  <testcase classname="Sample_Util.BASECLASS_ATEST" name="@BeforeMethod login" time="-1.67271795786E9">
    <skipped/>
  </testcase> <!-- @BeforeMethod login -->
  <testcase classname="Sample_Util.BASECLASS_ATEST" name="@AfterMethod logout" time="-1.672717957867E9">
    <skipped/>
  </testcase> <!-- @AfterMethod logout -->
  <testcase classname="Sample_Util.BASECLASS_ATEST" name="@AfterClass Teardown" time="-1.672717957871E9">
    <skipped/>
  </testcase> <!-- @AfterClass Teardown -->
  <testcase classname="Sample_Util.BASECLASS_ATEST" name="@AfterMethod logout" time="0.019">
    <failure type="org.openqa.selenium.ElementClickInterceptedException" message="Element &amp;lt;a id=&amp;quot;userDropdown&amp;quot; class=&amp;quot;nav-link dropdown-toggle&amp;quot; href=&amp;quot;#&amp;quot;&amp;gt; is not clickable at point (1277,33) because another element &amp;lt;div id=&amp;quot;preloader&amp;quot;&amp;gt; obscures it
Build info: version: &amp;apos;4.6.0&amp;apos;, revision: &amp;apos;79f1c02ae20&amp;apos;
System info: os.name: &amp;apos;Windows 10&amp;apos;, os.arch: &amp;apos;amd64&amp;apos;, os.version: &amp;apos;10.0&amp;apos;, java.version: &amp;apos;17.0.4&amp;apos;
Driver info: org.openqa.selenium.firefox.FirefoxDriver
Command: [33fe5f02-33a6-48a5-a164-53ed88924492, clickElement {id=6326dac3-0fc3-4100-945d-16b0dfb85a5a}]
Capabilities {acceptInsecureCerts: true, browserName: firefox, browserVersion: 108.0.1, moz:accessibilityChecks: false, moz:buildID: 20221215175817, moz:debuggerAddress: 127.0.0.1:40535, moz:geckodriverVersion: 0.32.0, moz:headless: false, moz:platformVersion: 10.0, moz:processID: 18908, moz:profile: C:\Users\u\AppData\Local\Te..., moz:shutdownTimeout: 60000, moz:useNonSpecCompliantPointerOrigin: false, moz:webdriverClick: true, moz:windowless: false, pageLoadStrategy: normal, platformName: WINDOWS, proxy: Proxy(), se:cdp: ws://127.0.0.1:40535/devtoo..., se:cdpVersion: 85.0, setWindowRect: true, strictFileInteractability: false, timeouts: {implicit: 0, pageLoad: 300000, script: 30000}, unhandledPromptBehavior: dismiss and notify}
Element: [[FirefoxDriver: firefox on WINDOWS (33fe5f02-33a6-48a5-a164-53ed88924492)] -&amp;gt; xpath: (//a[@data-toggle=&amp;apos;dropdown&amp;apos;])[2]]
Session ID: 33fe5f02-33a6-48a5-a164-53ed88924492">
      <![CDATA[org.openqa.selenium.ElementClickInterceptedException: Element <a id="userDropdown" class="nav-link dropdown-toggle" href="#"> is not clickable at point (1277,33) because another element <div id="preloader"> obscures it
Build info: version: '4.6.0', revision: '79f1c02ae20'
System info: os.name: 'Windows 10', os.arch: 'amd64', os.version: '10.0', java.version: '17.0.4'
Driver info: org.openqa.selenium.firefox.FirefoxDriver
Command: [33fe5f02-33a6-48a5-a164-53ed88924492, clickElement {id=6326dac3-0fc3-4100-945d-16b0dfb85a5a}]
Capabilities {acceptInsecureCerts: true, browserName: firefox, browserVersion: 108.0.1, moz:accessibilityChecks: false, moz:buildID: 20221215175817, moz:debuggerAddress: 127.0.0.1:40535, moz:geckodriverVersion: 0.32.0, moz:headless: false, moz:platformVersion: 10.0, moz:processID: 18908, moz:profile: C:\Users\u\AppData\Local\Te..., moz:shutdownTimeout: 60000, moz:useNonSpecCompliantPointerOrigin: false, moz:webdriverClick: true, moz:windowless: false, pageLoadStrategy: normal, platformName: WINDOWS, proxy: Proxy(), se:cdp: ws://127.0.0.1:40535/devtoo..., se:cdpVersion: 85.0, setWindowRect: true, strictFileInteractability: false, timeouts: {implicit: 0, pageLoad: 300000, script: 30000}, unhandledPromptBehavior: dismiss and notify}
Element: [[FirefoxDriver: firefox on WINDOWS (33fe5f02-33a6-48a5-a164-53ed88924492)] -> xpath: (//a[@data-toggle='dropdown'])[2]]
Session ID: 33fe5f02-33a6-48a5-a164-53ed88924492
at org.openqa.selenium.remote.codec.w3c.W3CHttpResponseCodec.createException(W3CHttpResponseCodec.java:200)
at org.openqa.selenium.remote.codec.w3c.W3CHttpResponseCodec.decode(W3CHttpResponseCodec.java:133)
at org.openqa.selenium.remote.codec.w3c.W3CHttpResponseCodec.decode(W3CHttpResponseCodec.java:53)
at org.openqa.selenium.remote.HttpCommandExecutor.execute(HttpCommandExecutor.java:184)
at org.openqa.selenium.remote.service.DriverCommandExecutor.invokeExecute(DriverCommandExecutor.java:167)
at org.openqa.selenium.remote.service.DriverCommandExecutor.execute(DriverCommandExecutor.java:142)
at org.openqa.selenium.remote.RemoteWebDriver.execute(RemoteWebDriver.java:541)
at org.openqa.selenium.remote.RemoteWebElement.execute(RemoteWebElement.java:257)
at org.openqa.selenium.remote.RemoteWebElement.click(RemoteWebElement.java:78)
at org.openqa.selenium.support.pagefactory.internal.LocatingElementHandler.invoke(LocatingElementHandler.java:52)
at jdk.proxy2/jdk.proxy2.$Proxy35.click(Unknown Source)
at PAYTMPE_POR.DASHBOARDPAGE.User_dropdownLinkMenu(DASHBOARDPAGE.java:143)
at Sample_Util.BASECLASS_ATEST.logout(BASECLASS_ATEST.java:77)
at java.base/java.util.ArrayList.forEach(ArrayList.java:1511)
... Removed 41 stack frames]]>
    </failure>
  </testcase> <!-- @AfterMethod logout -->
  <testcase classname="Sample_Util.BASECLASS_ATEST" name="@BeforeMethod login" time="-1.672717973321E9">
    <skipped/>
  </testcase> <!-- @BeforeMethod login -->
  <testcase classname="Sample_Util.BASECLASS_ATEST" name="@AfterMethod logout" time="-1.672717973331E9">
    <skipped/>
  </testcase> <!-- @AfterMethod logout -->
  <testcase classname="Sample_Util.BASECLASS_ATEST" name="@BeforeMethod login" time="-1.672717973332E9">
    <skipped/>
  </testcase> <!-- @BeforeMethod login -->
  <testcase classname="Sample_Util.BASECLASS_ATEST" name="@AfterMethod logout" time="-1.672717973344E9">
    <skipped/>
  </testcase> <!-- @AfterMethod logout -->
  <testcase classname="Sample_Util.BASECLASS_ATEST" name="@BeforeMethod login" time="-1.672717973348E9">
    <skipped/>
  </testcase> <!-- @BeforeMethod login -->
  <testcase classname="Sample_Util.BASECLASS_ATEST" name="@AfterMethod logout" time="-1.67271797336E9">
    <skipped/>
  </testcase> <!-- @AfterMethod logout -->
  <testcase classname="Sample_Util.BASECLASS_ATEST" name="@BeforeMethod login" time="-1.672717973362E9">
    <skipped/>
  </testcase> <!-- @BeforeMethod login -->
  <testcase classname="Sample_Util.BASECLASS_ATEST" name="@AfterMethod logout" time="-1.672717973371E9">
    <skipped/>
  </testcase> <!-- @AfterMethod logout -->
  <testcase classname="Sample_Util.BASECLASS_ATEST" name="@BeforeMethod login" time="-1.672717973375E9">
    <skipped/>
  </testcase> <!-- @BeforeMethod login -->
  <testcase classname="Sample_Util.BASECLASS_ATEST" name="@AfterMethod logout" time="-1.672717973387E9">
    <skipped/>
  </testcase> <!-- @AfterMethod logout -->
  <testcase classname="Sample_Util.BASECLASS_ATEST" name="@BeforeMethod login" time="-1.672717973392E9">
    <skipped/>
  </testcase> <!-- @BeforeMethod login -->
  <testcase classname="Sample_Util.BASECLASS_ATEST" name="@AfterMethod logout" time="-1.6727179734E9">
    <skipped/>
  </testcase> <!-- @AfterMethod logout -->
  <testcase classname="Sample_Util.BASECLASS_ATEST" name="@BeforeMethod login" time="-1.672717973401E9">
    <skipped/>
  </testcase> <!-- @BeforeMethod login -->
  <testcase classname="Sample_Util.BASECLASS_ATEST" name="@AfterMethod logout" time="-1.672717973411E9">
    <skipped/>
  </testcase> <!-- @AfterMethod logout -->
  <testcase classname="Sample_Util.BASECLASS_ATEST" name="@AfterClass Teardown" time="-1.672717973414E9">
    <skipped/>
  </testcase> <!-- @AfterClass Teardown -->
  <testcase classname="Sample_Util.BASECLASS_ATEST" name="@AfterMethod logout" time="0.065">
    <failure type="org.openqa.selenium.ElementClickInterceptedException" message="Element &amp;lt;a id=&amp;quot;userDropdown&amp;quot; class=&amp;quot;nav-link dropdown-toggle&amp;quot; href=&amp;quot;#&amp;quot;&amp;gt; is not clickable at point (1277,33) because another element &amp;lt;div id=&amp;quot;preloader&amp;quot;&amp;gt; obscures it
Build info: version: &amp;apos;4.6.0&amp;apos;, revision: &amp;apos;79f1c02ae20&amp;apos;
System info: os.name: &amp;apos;Windows 10&amp;apos;, os.arch: &amp;apos;amd64&amp;apos;, os.version: &amp;apos;10.0&amp;apos;, java.version: &amp;apos;17.0.4&amp;apos;
Driver info: org.openqa.selenium.firefox.FirefoxDriver
Command: [d0a28c3d-b527-478b-bbed-85b1c7522985, clickElement {id=bb8f343f-dd9b-4a68-b6e7-61e8a4856be5}]
Capabilities {acceptInsecureCerts: true, browserName: firefox, browserVersion: 108.0.1, moz:accessibilityChecks: false, moz:buildID: 20221215175817, moz:debuggerAddress: 127.0.0.1:15940, moz:geckodriverVersion: 0.32.0, moz:headless: false, moz:platformVersion: 10.0, moz:processID: 5500, moz:profile: C:\Users\u\AppData\Local\Te..., moz:shutdownTimeout: 60000, moz:useNonSpecCompliantPointerOrigin: false, moz:webdriverClick: true, moz:windowless: false, pageLoadStrategy: normal, platformName: WINDOWS, proxy: Proxy(), se:cdp: ws://127.0.0.1:15940/devtoo..., se:cdpVersion: 85.0, setWindowRect: true, strictFileInteractability: false, timeouts: {implicit: 0, pageLoad: 300000, script: 30000}, unhandledPromptBehavior: dismiss and notify}
Element: [[FirefoxDriver: firefox on WINDOWS (d0a28c3d-b527-478b-bbed-85b1c7522985)] -&amp;gt; xpath: (//a[@data-toggle=&amp;apos;dropdown&amp;apos;])[2]]
Session ID: d0a28c3d-b527-478b-bbed-85b1c7522985">
      <![CDATA[org.openqa.selenium.ElementClickInterceptedException: Element <a id="userDropdown" class="nav-link dropdown-toggle" href="#"> is not clickable at point (1277,33) because another element <div id="preloader"> obscures it
Build info: version: '4.6.0', revision: '79f1c02ae20'
System info: os.name: 'Windows 10', os.arch: 'amd64', os.version: '10.0', java.version: '17.0.4'
Driver info: org.openqa.selenium.firefox.FirefoxDriver
Command: [d0a28c3d-b527-478b-bbed-85b1c7522985, clickElement {id=bb8f343f-dd9b-4a68-b6e7-61e8a4856be5}]
Capabilities {acceptInsecureCerts: true, browserName: firefox, browserVersion: 108.0.1, moz:accessibilityChecks: false, moz:buildID: 20221215175817, moz:debuggerAddress: 127.0.0.1:15940, moz:geckodriverVersion: 0.32.0, moz:headless: false, moz:platformVersion: 10.0, moz:processID: 5500, moz:profile: C:\Users\u\AppData\Local\Te..., moz:shutdownTimeout: 60000, moz:useNonSpecCompliantPointerOrigin: false, moz:webdriverClick: true, moz:windowless: false, pageLoadStrategy: normal, platformName: WINDOWS, proxy: Proxy(), se:cdp: ws://127.0.0.1:15940/devtoo..., se:cdpVersion: 85.0, setWindowRect: true, strictFileInteractability: false, timeouts: {implicit: 0, pageLoad: 300000, script: 30000}, unhandledPromptBehavior: dismiss and notify}
Element: [[FirefoxDriver: firefox on WINDOWS (d0a28c3d-b527-478b-bbed-85b1c7522985)] -> xpath: (//a[@data-toggle='dropdown'])[2]]
Session ID: d0a28c3d-b527-478b-bbed-85b1c7522985
at org.openqa.selenium.remote.codec.w3c.W3CHttpResponseCodec.createException(W3CHttpResponseCodec.java:200)
at org.openqa.selenium.remote.codec.w3c.W3CHttpResponseCodec.decode(W3CHttpResponseCodec.java:133)
at org.openqa.selenium.remote.codec.w3c.W3CHttpResponseCodec.decode(W3CHttpResponseCodec.java:53)
at org.openqa.selenium.remote.HttpCommandExecutor.execute(HttpCommandExecutor.java:184)
at org.openqa.selenium.remote.service.DriverCommandExecutor.invokeExecute(DriverCommandExecutor.java:167)
at org.openqa.selenium.remote.service.DriverCommandExecutor.execute(DriverCommandExecutor.java:142)
at org.openqa.selenium.remote.RemoteWebDriver.execute(RemoteWebDriver.java:541)
at org.openqa.selenium.remote.RemoteWebElement.execute(RemoteWebElement.java:257)
at org.openqa.selenium.remote.RemoteWebElement.click(RemoteWebElement.java:78)
at org.openqa.selenium.support.pagefactory.internal.LocatingElementHandler.invoke(LocatingElementHandler.java:52)
at jdk.proxy2/jdk.proxy2.$Proxy35.click(Unknown Source)
at PAYTMPE_POR.DASHBOARDPAGE.User_dropdownLinkMenu(DASHBOARDPAGE.java:143)
at Sample_Util.BASECLASS_ATEST.logout(BASECLASS_ATEST.java:77)
at java.base/java.util.ArrayList.forEach(ArrayList.java:1511)
... Removed 41 stack frames]]>
    </failure>
  </testcase> <!-- @AfterMethod logout -->
  <testcase classname="Sample_Util.BASECLASS_ATEST" name="@BeforeMethod login" time="-1.672717988582E9">
    <skipped/>
  </testcase> <!-- @BeforeMethod login -->
  <testcase classname="Sample_Util.BASECLASS_ATEST" name="@AfterMethod logout" time="-1.672717988587E9">
    <skipped/>
  </testcase> <!-- @AfterMethod logout -->
  <testcase classname="Sample_Util.BASECLASS_ATEST" name="@BeforeMethod login" time="-1.672717988588E9">
    <skipped/>
  </testcase> <!-- @BeforeMethod login -->
  <testcase classname="Sample_Util.BASECLASS_ATEST" name="@AfterMethod logout" time="-1.672717988596E9">
    <skipped/>
  </testcase> <!-- @AfterMethod logout -->
  <testcase classname="Sample_Util.BASECLASS_ATEST" name="@BeforeMethod login" time="-1.672717988598E9">
    <skipped/>
  </testcase> <!-- @BeforeMethod login -->
  <testcase classname="Sample_Util.BASECLASS_ATEST" name="@AfterMethod logout" time="-1.672717988612E9">
    <skipped/>
  </testcase> <!-- @AfterMethod logout -->
  <testcase classname="Sample_Util.BASECLASS_ATEST" name="@BeforeMethod login" time="-1.672717988614E9">
    <skipped/>
  </testcase> <!-- @BeforeMethod login -->
  <testcase classname="Sample_Util.BASECLASS_ATEST" name="@AfterMethod logout" time="-1.672717988696E9">
    <skipped/>
  </testcase> <!-- @AfterMethod logout -->
  <testcase classname="Sample_Util.BASECLASS_ATEST" name="@BeforeMethod login" time="-1.672717988697E9">
    <skipped/>
  </testcase> <!-- @BeforeMethod login -->
  <testcase classname="Sample_Util.BASECLASS_ATEST" name="@AfterMethod logout" time="-1.672717988703E9">
    <skipped/>
  </testcase> <!-- @AfterMethod logout -->
  <testcase classname="Sample_Util.BASECLASS_ATEST" name="@BeforeMethod login" time="-1.672717988704E9">
    <skipped/>
  </testcase> <!-- @BeforeMethod login -->
  <testcase classname="Sample_Util.BASECLASS_ATEST" name="@AfterMethod logout" time="-1.6727179888E9">
    <skipped/>
  </testcase> <!-- @AfterMethod logout -->
  <testcase classname="Sample_Util.BASECLASS_ATEST" name="@BeforeMethod login" time="-1.672717988801E9">
    <skipped/>
  </testcase> <!-- @BeforeMethod login -->
  <testcase classname="Sample_Util.BASECLASS_ATEST" name="@AfterMethod logout" time="-1.67271798883E9">
    <skipped/>
  </testcase> <!-- @AfterMethod logout -->
  <testcase classname="Sample_Util.BASECLASS_ATEST" name="@AfterClass Teardown" time="-1.672717988831E9">
    <skipped/>
  </testcase> <!-- @AfterClass Teardown -->
  <testcase classname="sample.DASHBOARD_01" name="SUPPORTTICKET" time="0.133">
    <failure type="org.openqa.selenium.ElementClickInterceptedException" message="Element &amp;lt;a class=&amp;quot;nav-link active&amp;quot; href=&amp;quot;https://paytmpe.qagithub.xyz/dashboard&amp;quot;&amp;gt; is not clickable at point (170,288) because another element &amp;lt;div id=&amp;quot;preloader&amp;quot;&amp;gt; obscures it
Build info: version: &amp;apos;4.6.0&amp;apos;, revision: &amp;apos;79f1c02ae20&amp;apos;
System info: os.name: &amp;apos;Windows 10&amp;apos;, os.arch: &amp;apos;amd64&amp;apos;, os.version: &amp;apos;10.0&amp;apos;, java.version: &amp;apos;17.0.4&amp;apos;
Driver info: org.openqa.selenium.firefox.FirefoxDriver
Command: [b31e8f0f-6ad0-428a-a7fc-1d0793565ec8, clickElement {id=fb51f361-c80b-4e1e-8bea-c2e74725c66c}]
Capabilities {acceptInsecureCerts: true, browserName: firefox, browserVersion: 108.0.1, moz:accessibilityChecks: false, moz:buildID: 20221215175817, moz:debuggerAddress: 127.0.0.1:3011, moz:geckodriverVersion: 0.32.0, moz:headless: false, moz:platformVersion: 10.0, moz:processID: 8736, moz:profile: C:\Users\u\AppData\Local\Te..., moz:shutdownTimeout: 60000, moz:useNonSpecCompliantPointerOrigin: false, moz:webdriverClick: true, moz:windowless: false, pageLoadStrategy: normal, platformName: WINDOWS, proxy: Proxy(), se:cdp: ws://127.0.0.1:3011/devtool..., se:cdpVersion: 85.0, setWindowRect: true, strictFileInteractability: false, timeouts: {implicit: 0, pageLoad: 300000, script: 30000}, unhandledPromptBehavior: dismiss and notify}
Element: [[FirefoxDriver: firefox on WINDOWS (b31e8f0f-6ad0-428a-a7fc-1d0793565ec8)] -&amp;gt; xpath: //a[text()[normalize-space()=&amp;apos;Dashboard&amp;apos;]]]
Session ID: b31e8f0f-6ad0-428a-a7fc-1d0793565ec8">
      <![CDATA[org.openqa.selenium.ElementClickInterceptedException: Element <a class="nav-link active" href="https://paytmpe.qagithub.xyz/dashboard"> is not clickable at point (170,288) because another element <div id="preloader"> obscures it
Build info: version: '4.6.0', revision: '79f1c02ae20'
System info: os.name: 'Windows 10', os.arch: 'amd64', os.version: '10.0', java.version: '17.0.4'
Driver info: org.openqa.selenium.firefox.FirefoxDriver
Command: [b31e8f0f-6ad0-428a-a7fc-1d0793565ec8, clickElement {id=fb51f361-c80b-4e1e-8bea-c2e74725c66c}]
Capabilities {acceptInsecureCerts: true, browserName: firefox, browserVersion: 108.0.1, moz:accessibilityChecks: false, moz:buildID: 20221215175817, moz:debuggerAddress: 127.0.0.1:3011, moz:geckodriverVersion: 0.32.0, moz:headless: false, moz:platformVersion: 10.0, moz:processID: 8736, moz:profile: C:\Users\u\AppData\Local\Te..., moz:shutdownTimeout: 60000, moz:useNonSpecCompliantPointerOrigin: false, moz:webdriverClick: true, moz:windowless: false, pageLoadStrategy: normal, platformName: WINDOWS, proxy: Proxy(), se:cdp: ws://127.0.0.1:3011/devtool..., se:cdpVersion: 85.0, setWindowRect: true, strictFileInteractability: false, timeouts: {implicit: 0, pageLoad: 300000, script: 30000}, unhandledPromptBehavior: dismiss and notify}
Element: [[FirefoxDriver: firefox on WINDOWS (b31e8f0f-6ad0-428a-a7fc-1d0793565ec8)] -> xpath: //a[text()[normalize-space()='Dashboard']]]
Session ID: b31e8f0f-6ad0-428a-a7fc-1d0793565ec8
at org.openqa.selenium.remote.codec.w3c.W3CHttpResponseCodec.createException(W3CHttpResponseCodec.java:200)
at org.openqa.selenium.remote.codec.w3c.W3CHttpResponseCodec.decode(W3CHttpResponseCodec.java:133)
at org.openqa.selenium.remote.codec.w3c.W3CHttpResponseCodec.decode(W3CHttpResponseCodec.java:53)
at org.openqa.selenium.remote.HttpCommandExecutor.execute(HttpCommandExecutor.java:184)
at org.openqa.selenium.remote.service.DriverCommandExecutor.invokeExecute(DriverCommandExecutor.java:167)
at org.openqa.selenium.remote.service.DriverCommandExecutor.execute(DriverCommandExecutor.java:142)
at org.openqa.selenium.remote.RemoteWebDriver.execute(RemoteWebDriver.java:541)
at org.openqa.selenium.remote.RemoteWebElement.execute(RemoteWebElement.java:257)
at org.openqa.selenium.remote.RemoteWebElement.click(RemoteWebElement.java:78)
at org.openqa.selenium.support.pagefactory.internal.LocatingElementHandler.invoke(LocatingElementHandler.java:52)
at jdk.proxy2/jdk.proxy2.$Proxy35.click(Unknown Source)
at PAYTMPE_POR.DASHBOARDPAGE.User_DashboardLink(DASHBOARDPAGE.java:208)
at sample.DASHBOARD_01.SUPPORTTICKET(DASHBOARD_01.java:26)
at java.base/java.util.ArrayList.forEach(ArrayList.java:1511)
... Removed 36 stack frames]]>
    </failure>
  </testcase> <!-- SUPPORTTICKET -->
  <testcase classname="sample.DASHBOARD_01" name="SUPPORTTICKET" time="0.0">
    <skipped/>
  </testcase> <!-- SUPPORTTICKET -->
  <testcase classname="sample.DASHBOARD_01" name="SUPPORTTICKET" time="0.0">
    <skipped/>
  </testcase> <!-- SUPPORTTICKET -->
  <testcase classname="sample.DASHBOARD_01" name="SUPPORTTICKET" time="0.0">
    <skipped/>
  </testcase> <!-- SUPPORTTICKET -->
  <testcase classname="sample.DASHBOARD_01" name="SUPPORTTICKET" time="0.0">
    <skipped/>
  </testcase> <!-- SUPPORTTICKET -->
  <testcase classname="sample.DASHBOARD_01" name="SUPPORTTICKET" time="0.0">
    <skipped/>
  </testcase> <!-- SUPPORTTICKET -->
  <testcase classname="sample.DASHBOARD_01" name="SUPPORTTICKET" time="0.0">
    <skipped/>
  </testcase> <!-- SUPPORTTICKET -->
  <testcase classname="sample.DASHBOARD_01" name="SUPPORTTICKET" time="0.0">
    <skipped/>
  </testcase> <!-- SUPPORTTICKET -->
  <testcase classname="sample.SEND_MONEY" name="SENDMONEY" time="0.031">
    <failure type="org.openqa.selenium.ElementClickInterceptedException" message="Element &amp;lt;a class=&amp;quot;nav-link&amp;quot; href=&amp;quot;https://paytmpe.qagithub.xyz/transfer/send_money&amp;quot;&amp;gt; is not clickable at point (170,332) because another element &amp;lt;div id=&amp;quot;preloader&amp;quot;&amp;gt; obscures it
Build info: version: &amp;apos;4.6.0&amp;apos;, revision: &amp;apos;79f1c02ae20&amp;apos;
System info: os.name: &amp;apos;Windows 10&amp;apos;, os.arch: &amp;apos;amd64&amp;apos;, os.version: &amp;apos;10.0&amp;apos;, java.version: &amp;apos;17.0.4&amp;apos;
Driver info: org.openqa.selenium.firefox.FirefoxDriver
Command: [9fb3acf0-6a99-4c35-ae86-128997532a00, clickElement {id=4b5c11ea-a032-4417-9f73-af456730804b}]
Capabilities {acceptInsecureCerts: true, browserName: firefox, browserVersion: 108.0.1, moz:accessibilityChecks: false, moz:buildID: 20221215175817, moz:debuggerAddress: 127.0.0.1:42594, moz:geckodriverVersion: 0.32.0, moz:headless: false, moz:platformVersion: 10.0, moz:processID: 13096, moz:profile: C:\Users\u\AppData\Local\Te..., moz:shutdownTimeout: 60000, moz:useNonSpecCompliantPointerOrigin: false, moz:webdriverClick: true, moz:windowless: false, pageLoadStrategy: normal, platformName: WINDOWS, proxy: Proxy(), se:cdp: ws://127.0.0.1:42594/devtoo..., se:cdpVersion: 85.0, setWindowRect: true, strictFileInteractability: false, timeouts: {implicit: 0, pageLoad: 300000, script: 30000}, unhandledPromptBehavior: dismiss and notify}
Element: [[FirefoxDriver: firefox on WINDOWS (9fb3acf0-6a99-4c35-ae86-128997532a00)] -&amp;gt; xpath: //a[text()[normalize-space()=&amp;apos;Send Money&amp;apos;]]]
Session ID: 9fb3acf0-6a99-4c35-ae86-128997532a00">
      <![CDATA[org.openqa.selenium.ElementClickInterceptedException: Element <a class="nav-link" href="https://paytmpe.qagithub.xyz/transfer/send_money"> is not clickable at point (170,332) because another element <div id="preloader"> obscures it
Build info: version: '4.6.0', revision: '79f1c02ae20'
System info: os.name: 'Windows 10', os.arch: 'amd64', os.version: '10.0', java.version: '17.0.4'
Driver info: org.openqa.selenium.firefox.FirefoxDriver
Command: [9fb3acf0-6a99-4c35-ae86-128997532a00, clickElement {id=4b5c11ea-a032-4417-9f73-af456730804b}]
Capabilities {acceptInsecureCerts: true, browserName: firefox, browserVersion: 108.0.1, moz:accessibilityChecks: false, moz:buildID: 20221215175817, moz:debuggerAddress: 127.0.0.1:42594, moz:geckodriverVersion: 0.32.0, moz:headless: false, moz:platformVersion: 10.0, moz:processID: 13096, moz:profile: C:\Users\u\AppData\Local\Te..., moz:shutdownTimeout: 60000, moz:useNonSpecCompliantPointerOrigin: false, moz:webdriverClick: true, moz:windowless: false, pageLoadStrategy: normal, platformName: WINDOWS, proxy: Proxy(), se:cdp: ws://127.0.0.1:42594/devtoo..., se:cdpVersion: 85.0, setWindowRect: true, strictFileInteractability: false, timeouts: {implicit: 0, pageLoad: 300000, script: 30000}, unhandledPromptBehavior: dismiss and notify}
Element: [[FirefoxDriver: firefox on WINDOWS (9fb3acf0-6a99-4c35-ae86-128997532a00)] -> xpath: //a[text()[normalize-space()='Send Money']]]
Session ID: 9fb3acf0-6a99-4c35-ae86-128997532a00
at org.openqa.selenium.remote.codec.w3c.W3CHttpResponseCodec.createException(W3CHttpResponseCodec.java:200)
at org.openqa.selenium.remote.codec.w3c.W3CHttpResponseCodec.decode(W3CHttpResponseCodec.java:133)
at org.openqa.selenium.remote.codec.w3c.W3CHttpResponseCodec.decode(W3CHttpResponseCodec.java:53)
at org.openqa.selenium.remote.HttpCommandExecutor.execute(HttpCommandExecutor.java:184)
at org.openqa.selenium.remote.service.DriverCommandExecutor.invokeExecute(DriverCommandExecutor.java:167)
at org.openqa.selenium.remote.service.DriverCommandExecutor.execute(DriverCommandExecutor.java:142)
at org.openqa.selenium.remote.RemoteWebDriver.execute(RemoteWebDriver.java:541)
at org.openqa.selenium.remote.RemoteWebElement.execute(RemoteWebElement.java:257)
at org.openqa.selenium.remote.RemoteWebElement.click(RemoteWebElement.java:78)
at org.openqa.selenium.support.pagefactory.internal.LocatingElementHandler.invoke(LocatingElementHandler.java:52)
at jdk.proxy2/jdk.proxy2.$Proxy35.click(Unknown Source)
at PAYTMPE_POR.DASHBOARDPAGE.User_SendMoneyLink(DASHBOARDPAGE.java:203)
at sample.SEND_MONEY.SENDMONEY(SEND_MONEY.java:21)
at java.base/java.util.ArrayList.forEach(ArrayList.java:1511)
... Removed 36 stack frames]]>
    </failure>
  </testcase> <!-- SENDMONEY -->
  <testcase classname="sample.SEND_MONEY" name="SENDMONEY" time="0.0">
    <skipped/>
  </testcase> <!-- SENDMONEY -->
  <testcase classname="sample.SEND_MONEY" name="SENDMONEY" time="0.0">
    <skipped/>
  </testcase> <!-- SENDMONEY -->
  <testcase classname="sample.SEND_MONEY" name="SENDMONEY" time="0.0">
    <skipped/>
  </testcase> <!-- SENDMONEY -->
  <testcase classname="sample.SEND_MONEY" name="SENDMONEY" time="0.0">
    <skipped/>
  </testcase> <!-- SENDMONEY -->
  <testcase classname="sample.SEND_MONEY" name="SENDMONEY" time="0.0">
    <skipped/>
  </testcase> <!-- SENDMONEY -->
  <testcase classname="sample.SEND_MONEY" name="SENDMONEY" time="0.0">
    <skipped/>
  </testcase> <!-- SENDMONEY -->
  <testcase classname="sample.SEND_MONEY" name="SENDMONEY" time="0.0">
    <skipped/>
  </testcase> <!-- SENDMONEY -->
  <testcase classname="sample.EXCHANGE_MONEY" name="EXCHANGEMONEY" time="0.048">
    <failure type="org.openqa.selenium.ElementClickInterceptedException" message="Element &amp;lt;a class=&amp;quot;nav-link&amp;quot; href=&amp;quot;https://paytmpe.qagithub.xyz/transfer/exchange_money&amp;quot;&amp;gt; is not clickable at point (170,376) because another element &amp;lt;div id=&amp;quot;preloader&amp;quot;&amp;gt; obscures it
Build info: version: &amp;apos;4.6.0&amp;apos;, revision: &amp;apos;79f1c02ae20&amp;apos;
System info: os.name: &amp;apos;Windows 10&amp;apos;, os.arch: &amp;apos;amd64&amp;apos;, os.version: &amp;apos;10.0&amp;apos;, java.version: &amp;apos;17.0.4&amp;apos;
Driver info: org.openqa.selenium.firefox.FirefoxDriver
Command: [33fe5f02-33a6-48a5-a164-53ed88924492, clickElement {id=611eeaeb-6ab2-4523-bfcc-559470ab07d6}]
Capabilities {acceptInsecureCerts: true, browserName: firefox, browserVersion: 108.0.1, moz:accessibilityChecks: false, moz:buildID: 20221215175817, moz:debuggerAddress: 127.0.0.1:40535, moz:geckodriverVersion: 0.32.0, moz:headless: false, moz:platformVersion: 10.0, moz:processID: 18908, moz:profile: C:\Users\u\AppData\Local\Te..., moz:shutdownTimeout: 60000, moz:useNonSpecCompliantPointerOrigin: false, moz:webdriverClick: true, moz:windowless: false, pageLoadStrategy: normal, platformName: WINDOWS, proxy: Proxy(), se:cdp: ws://127.0.0.1:40535/devtoo..., se:cdpVersion: 85.0, setWindowRect: true, strictFileInteractability: false, timeouts: {implicit: 0, pageLoad: 300000, script: 30000}, unhandledPromptBehavior: dismiss and notify}
Element: [[FirefoxDriver: firefox on WINDOWS (33fe5f02-33a6-48a5-a164-53ed88924492)] -&amp;gt; xpath: //a[text()[normalize-space()=&amp;apos;Exchange Money&amp;apos;]]]
Session ID: 33fe5f02-33a6-48a5-a164-53ed88924492">
      <![CDATA[org.openqa.selenium.ElementClickInterceptedException: Element <a class="nav-link" href="https://paytmpe.qagithub.xyz/transfer/exchange_money"> is not clickable at point (170,376) because another element <div id="preloader"> obscures it
Build info: version: '4.6.0', revision: '79f1c02ae20'
System info: os.name: 'Windows 10', os.arch: 'amd64', os.version: '10.0', java.version: '17.0.4'
Driver info: org.openqa.selenium.firefox.FirefoxDriver
Command: [33fe5f02-33a6-48a5-a164-53ed88924492, clickElement {id=611eeaeb-6ab2-4523-bfcc-559470ab07d6}]
Capabilities {acceptInsecureCerts: true, browserName: firefox, browserVersion: 108.0.1, moz:accessibilityChecks: false, moz:buildID: 20221215175817, moz:debuggerAddress: 127.0.0.1:40535, moz:geckodriverVersion: 0.32.0, moz:headless: false, moz:platformVersion: 10.0, moz:processID: 18908, moz:profile: C:\Users\u\AppData\Local\Te..., moz:shutdownTimeout: 60000, moz:useNonSpecCompliantPointerOrigin: false, moz:webdriverClick: true, moz:windowless: false, pageLoadStrategy: normal, platformName: WINDOWS, proxy: Proxy(), se:cdp: ws://127.0.0.1:40535/devtoo..., se:cdpVersion: 85.0, setWindowRect: true, strictFileInteractability: false, timeouts: {implicit: 0, pageLoad: 300000, script: 30000}, unhandledPromptBehavior: dismiss and notify}
Element: [[FirefoxDriver: firefox on WINDOWS (33fe5f02-33a6-48a5-a164-53ed88924492)] -> xpath: //a[text()[normalize-space()='Exchange Money']]]
Session ID: 33fe5f02-33a6-48a5-a164-53ed88924492
at org.openqa.selenium.remote.codec.w3c.W3CHttpResponseCodec.createException(W3CHttpResponseCodec.java:200)
at org.openqa.selenium.remote.codec.w3c.W3CHttpResponseCodec.decode(W3CHttpResponseCodec.java:133)
at org.openqa.selenium.remote.codec.w3c.W3CHttpResponseCodec.decode(W3CHttpResponseCodec.java:53)
at org.openqa.selenium.remote.HttpCommandExecutor.execute(HttpCommandExecutor.java:184)
at org.openqa.selenium.remote.service.DriverCommandExecutor.invokeExecute(DriverCommandExecutor.java:167)
at org.openqa.selenium.remote.service.DriverCommandExecutor.execute(DriverCommandExecutor.java:142)
at org.openqa.selenium.remote.RemoteWebDriver.execute(RemoteWebDriver.java:541)
at org.openqa.selenium.remote.RemoteWebElement.execute(RemoteWebElement.java:257)
at org.openqa.selenium.remote.RemoteWebElement.click(RemoteWebElement.java:78)
at org.openqa.selenium.support.pagefactory.internal.LocatingElementHandler.invoke(LocatingElementHandler.java:52)
at jdk.proxy2/jdk.proxy2.$Proxy35.click(Unknown Source)
at PAYTMPE_POR.DASHBOARDPAGE.User_ExchangeMoneyLink(DASHBOARDPAGE.java:198)
at sample.EXCHANGE_MONEY.EXCHANGEMONEY(EXCHANGE_MONEY.java:21)
at java.base/java.util.ArrayList.forEach(ArrayList.java:1511)
... Removed 36 stack frames]]>
    </failure>
  </testcase> <!-- EXCHANGEMONEY -->
  <testcase classname="sample.EXCHANGE_MONEY" name="EXCHANGEMONEY" time="0.0">
    <skipped/>
  </testcase> <!-- EXCHANGEMONEY -->
  <testcase classname="sample.EXCHANGE_MONEY" name="EXCHANGEMONEY" time="0.0">
    <skipped/>
  </testcase> <!-- EXCHANGEMONEY -->
  <testcase classname="sample.EXCHANGE_MONEY" name="EXCHANGEMONEY" time="0.0">
    <skipped/>
  </testcase> <!-- EXCHANGEMONEY -->
  <testcase classname="sample.EXCHANGE_MONEY" name="EXCHANGEMONEY" time="0.0">
    <skipped/>
  </testcase> <!-- EXCHANGEMONEY -->
  <testcase classname="sample.EXCHANGE_MONEY" name="EXCHANGEMONEY" time="0.0">
    <skipped/>
  </testcase> <!-- EXCHANGEMONEY -->
  <testcase classname="sample.EXCHANGE_MONEY" name="EXCHANGEMONEY" time="0.0">
    <skipped/>
  </testcase> <!-- EXCHANGEMONEY -->
  <testcase classname="sample.EXCHANGE_MONEY" name="EXCHANGEMONEY" time="0.0">
    <skipped/>
  </testcase> <!-- EXCHANGEMONEY -->
  <testcase classname="sample.WIRE_TRANSFER" name="WIRETRANS" time="0.041">
    <failure type="org.openqa.selenium.ElementClickInterceptedException" message="Element &amp;lt;a class=&amp;quot;nav-link&amp;quot; href=&amp;quot;https://paytmpe.qagithub.xyz/transfer/wire_transfer&amp;quot;&amp;gt; is not clickable at point (170,420) because another element &amp;lt;div id=&amp;quot;preloader&amp;quot;&amp;gt; obscures it
Build info: version: &amp;apos;4.6.0&amp;apos;, revision: &amp;apos;79f1c02ae20&amp;apos;
System info: os.name: &amp;apos;Windows 10&amp;apos;, os.arch: &amp;apos;amd64&amp;apos;, os.version: &amp;apos;10.0&amp;apos;, java.version: &amp;apos;17.0.4&amp;apos;
Driver info: org.openqa.selenium.firefox.FirefoxDriver
Command: [d0a28c3d-b527-478b-bbed-85b1c7522985, clickElement {id=971a0668-a60c-4c9d-acc1-f747b745b807}]
Capabilities {acceptInsecureCerts: true, browserName: firefox, browserVersion: 108.0.1, moz:accessibilityChecks: false, moz:buildID: 20221215175817, moz:debuggerAddress: 127.0.0.1:15940, moz:geckodriverVersion: 0.32.0, moz:headless: false, moz:platformVersion: 10.0, moz:processID: 5500, moz:profile: C:\Users\u\AppData\Local\Te..., moz:shutdownTimeout: 60000, moz:useNonSpecCompliantPointerOrigin: false, moz:webdriverClick: true, moz:windowless: false, pageLoadStrategy: normal, platformName: WINDOWS, proxy: Proxy(), se:cdp: ws://127.0.0.1:15940/devtoo..., se:cdpVersion: 85.0, setWindowRect: true, strictFileInteractability: false, timeouts: {implicit: 0, pageLoad: 300000, script: 30000}, unhandledPromptBehavior: dismiss and notify}
Element: [[FirefoxDriver: firefox on WINDOWS (d0a28c3d-b527-478b-bbed-85b1c7522985)] -&amp;gt; xpath: //a[text()[normalize-space()=&amp;apos;Wire Transfer&amp;apos;]]]
Session ID: d0a28c3d-b527-478b-bbed-85b1c7522985">
      <![CDATA[org.openqa.selenium.ElementClickInterceptedException: Element <a class="nav-link" href="https://paytmpe.qagithub.xyz/transfer/wire_transfer"> is not clickable at point (170,420) because another element <div id="preloader"> obscures it
Build info: version: '4.6.0', revision: '79f1c02ae20'
System info: os.name: 'Windows 10', os.arch: 'amd64', os.version: '10.0', java.version: '17.0.4'
Driver info: org.openqa.selenium.firefox.FirefoxDriver
Command: [d0a28c3d-b527-478b-bbed-85b1c7522985, clickElement {id=971a0668-a60c-4c9d-acc1-f747b745b807}]
Capabilities {acceptInsecureCerts: true, browserName: firefox, browserVersion: 108.0.1, moz:accessibilityChecks: false, moz:buildID: 20221215175817, moz:debuggerAddress: 127.0.0.1:15940, moz:geckodriverVersion: 0.32.0, moz:headless: false, moz:platformVersion: 10.0, moz:processID: 5500, moz:profile: C:\Users\u\AppData\Local\Te..., moz:shutdownTimeout: 60000, moz:useNonSpecCompliantPointerOrigin: false, moz:webdriverClick: true, moz:windowless: false, pageLoadStrategy: normal, platformName: WINDOWS, proxy: Proxy(), se:cdp: ws://127.0.0.1:15940/devtoo..., se:cdpVersion: 85.0, setWindowRect: true, strictFileInteractability: false, timeouts: {implicit: 0, pageLoad: 300000, script: 30000}, unhandledPromptBehavior: dismiss and notify}
Element: [[FirefoxDriver: firefox on WINDOWS (d0a28c3d-b527-478b-bbed-85b1c7522985)] -> xpath: //a[text()[normalize-space()='Wire Transfer']]]
Session ID: d0a28c3d-b527-478b-bbed-85b1c7522985
at org.openqa.selenium.remote.codec.w3c.W3CHttpResponseCodec.createException(W3CHttpResponseCodec.java:200)
at org.openqa.selenium.remote.codec.w3c.W3CHttpResponseCodec.decode(W3CHttpResponseCodec.java:133)
at org.openqa.selenium.remote.codec.w3c.W3CHttpResponseCodec.decode(W3CHttpResponseCodec.java:53)
at org.openqa.selenium.remote.HttpCommandExecutor.execute(HttpCommandExecutor.java:184)
at org.openqa.selenium.remote.service.DriverCommandExecutor.invokeExecute(DriverCommandExecutor.java:167)
at org.openqa.selenium.remote.service.DriverCommandExecutor.execute(DriverCommandExecutor.java:142)
at org.openqa.selenium.remote.RemoteWebDriver.execute(RemoteWebDriver.java:541)
at org.openqa.selenium.remote.RemoteWebElement.execute(RemoteWebElement.java:257)
at org.openqa.selenium.remote.RemoteWebElement.click(RemoteWebElement.java:78)
at org.openqa.selenium.support.pagefactory.internal.LocatingElementHandler.invoke(LocatingElementHandler.java:52)
at jdk.proxy2/jdk.proxy2.$Proxy35.click(Unknown Source)
at PAYTMPE_POR.DASHBOARDPAGE.User_WireTransferLink(DASHBOARDPAGE.java:193)
at sample.WIRE_TRANSFER.WIRETRANS(WIRE_TRANSFER.java:21)
at java.base/java.util.ArrayList.forEach(ArrayList.java:1511)
... Removed 36 stack frames]]>
    </failure>
  </testcase> <!-- WIRETRANS -->
  <testcase classname="sample.WIRE_TRANSFER" name="WIRETRANS" time="0.0">
    <skipped/>
  </testcase> <!-- WIRETRANS -->
  <testcase classname="sample.WIRE_TRANSFER" name="WIRETRANS" time="0.0">
    <skipped/>
  </testcase> <!-- WIRETRANS -->
  <testcase classname="sample.WIRE_TRANSFER" name="WIRETRANS" time="0.0">
    <skipped/>
  </testcase> <!-- WIRETRANS -->
  <testcase classname="sample.WIRE_TRANSFER" name="WIRETRANS" time="0.0">
    <skipped/>
  </testcase> <!-- WIRETRANS -->
  <testcase classname="sample.WIRE_TRANSFER" name="WIRETRANS" time="0.0">
    <skipped/>
  </testcase> <!-- WIRETRANS -->
  <testcase classname="sample.WIRE_TRANSFER" name="WIRETRANS" time="0.0">
    <skipped/>
  </testcase> <!-- WIRETRANS -->
  <testcase classname="sample.WIRE_TRANSFER" name="WIRETRANS" time="0.0">
    <skipped/>
  </testcase> <!-- WIRETRANS -->
</testsuite> <!-- Test -->
