<?xml version="1.0" encoding="UTF-8"?>
<!-- Generated by org.testng.reporters.JUnitXMLReporter -->
<testsuite ignored="0" hostname="DESKTOP-1D3CBA8" failures="0" tests="8" name="Test" time="98.037" errors="0" timestamp="2023-01-03T11:58:04 IST">
  <testcase classname="sample.PAYMENT_REQUEST" name="MONEYREQ" time="4.105"/>
  <testcase classname="sample.PAYMENT_REQUEST" name="MONEYREQ" time="4.706"/>
  <testcase classname="sample.PAYMENT_REQUEST" name="MONEYREQ" time="4.127"/>
  <testcase classname="sample.PAYMENT_REQUEST" name="MONEYREQ" time="3.985"/>
  <testcase classname="sample.PAYMENT_REQUEST" name="MONEYREQ" time="3.799"/>
  <testcase classname="sample.PAYMENT_REQUEST" name="MONEYREQ" time="4.039"/>
  <testcase classname="sample.PAYMENT_REQUEST" name="MONEYREQ" time="3.831"/>
  <testcase classname="sample.PAYMENT_REQUEST" name="MONEYREQ" time="4.574"/>
</testsuite> <!-- Test -->
