<?xml version="1.0" encoding="UTF-8"?>
<!-- Generated by org.testng.reporters.JUnitXMLReporter -->
<testsuite ignored="0" hostname="DESKTOP-1D3CBA8" failures="1" tests="32" name="Test" time="376.975" errors="0" timestamp="2023-01-02T16:47:20 IST">
  <testcase classname="sample.DASHBOARD_01" name="SUPPORTTICKET" time="7.767"/>
  <testcase classname="sample.DASHBOARD_01" name="SUPPORTTICKET" time="7.307"/>
  <testcase classname="sample.DASHBOARD_01" name="SUPPORTTICKET" time="7.916"/>
  <testcase classname="sample.DASHBOARD_01" name="SUPPORTTICKET" time="9.359"/>
  <testcase classname="sample.DASHBOARD_01" name="SUPPORTTICKET" time="8.272"/>
  <testcase classname="sample.DASHBOARD_01" name="SUPPORTTICKET" time="9.139"/>
  <testcase classname="sample.DASHBOARD_01" name="SUPPORTTICKET" time="8.688"/>
  <testcase classname="sample.DASHBOARD_01" name="SUPPORTTICKET" time="8.485"/>
  <testcase classname="sample.SEND_MONEY" name="SENDMONEY" time="3.915"/>
  <testcase classname="sample.SEND_MONEY" name="SENDMONEY" time="4.272"/>
  <testcase classname="sample.SEND_MONEY" name="SENDMONEY" time="3.913"/>
  <testcase classname="sample.SEND_MONEY" name="SENDMONEY" time="4.102"/>
  <testcase classname="sample.SEND_MONEY" name="SENDMONEY" time="4.035"/>
  <testcase classname="sample.SEND_MONEY" name="SENDMONEY" time="4.093"/>
  <testcase classname="sample.SEND_MONEY" name="SENDMONEY" time="4.114"/>
  <testcase classname="sample.SEND_MONEY" name="SENDMONEY" time="4.443"/>
  <testcase classname="sample.EXCHANGE_MONEY" name="EXCHANGEMONEY" time="3.941"/>
  <testcase classname="sample.EXCHANGE_MONEY" name="EXCHANGEMONEY" time="3.877"/>
  <testcase classname="sample.EXCHANGE_MONEY" name="EXCHANGEMONEY" time="4.673"/>
  <testcase classname="sample.EXCHANGE_MONEY" name="EXCHANGEMONEY" time="4.552"/>
  <testcase classname="sample.EXCHANGE_MONEY" name="EXCHANGEMONEY" time="3.844"/>
  <testcase classname="sample.EXCHANGE_MONEY" name="EXCHANGEMONEY" time="4.228"/>
  <testcase classname="sample.EXCHANGE_MONEY" name="EXCHANGEMONEY" time="4.146"/>
  <testcase classname="sample.EXCHANGE_MONEY" name="EXCHANGEMONEY" time="4.01"/>
  <testcase classname="sample.WIRE_TRANSFER" name="WIRETRANS" time="4.133"/>
  <testcase classname="sample.WIRE_TRANSFER" name="WIRETRANS" time="3.679">
    <failure type="org.openqa.selenium.ElementClickInterceptedException" message="element click intercepted: Element &amp;lt;button type=&amp;quot;submit&amp;quot; class=&amp;quot;btn btn-primary btn-lg btn-block&amp;quot;&amp;gt;...&amp;lt;/button&amp;gt; is not clickable at point (790, 590). Other element would receive the click: &amp;lt;div class=&amp;quot;col-md-12&amp;quot;&amp;gt;...&amp;lt;/div&amp;gt;
  (Session info: MicrosoftEdge=108.0.1462.54)
Build info: version: &amp;apos;4.6.0&amp;apos;, revision: &amp;apos;79f1c02ae20&amp;apos;
System info: os.name: &amp;apos;Windows 10&amp;apos;, os.arch: &amp;apos;amd64&amp;apos;, os.version: &amp;apos;10.0&amp;apos;, java.version: &amp;apos;17.0.4&amp;apos;
Driver info: org.openqa.selenium.edge.EdgeDriver
Command: [8eccc9943d0624b02cb687ffce9f0a24, clickElement {id=71c8351c-f61d-4c46-91c1-fd570512b962}]
Capabilities {acceptInsecureCerts: false, browserName: msedge, browserVersion: 108.0.1462.54, ms:edgeOptions: {debuggerAddress: localhost:51023}, msedge: {msedgedriverVersion: 108.0.1462.54 (c2998c8c6617..., userDataDir: C:\Users\u\AppData\Local\Te...}, networkConnectionEnabled: false, pageLoadStrategy: normal, platformName: WINDOWS, proxy: Proxy(), se:cdp: ws://localhost:51023/devtoo..., se:cdpVersion: 108.0.1462.54, setWindowRect: true, strictFileInteractability: false, timeouts: {implicit: 0, pageLoad: 300000, script: 30000}, unhandledPromptBehavior: dismiss and notify, webauthn:extension:credBlob: true, webauthn:extension:largeBlob: true, webauthn:virtualAuthenticators: true}
Element: [[EdgeDriver: msedge on WINDOWS (8eccc9943d0624b02cb687ffce9f0a24)] -&amp;gt; xpath: //button[@type=&amp;apos;submit&amp;apos;]]
Session ID: 8eccc9943d0624b02cb687ffce9f0a24">
      <![CDATA[org.openqa.selenium.ElementClickInterceptedException: element click intercepted: Element <button type="submit" class="btn btn-primary btn-lg btn-block">...</button> is not clickable at point (790, 590). Other element would receive the click: <div class="col-md-12">...</div>
  (Session info: MicrosoftEdge=108.0.1462.54)
Build info: version: '4.6.0', revision: '79f1c02ae20'
System info: os.name: 'Windows 10', os.arch: 'amd64', os.version: '10.0', java.version: '17.0.4'
Driver info: org.openqa.selenium.edge.EdgeDriver
Command: [8eccc9943d0624b02cb687ffce9f0a24, clickElement {id=71c8351c-f61d-4c46-91c1-fd570512b962}]
Capabilities {acceptInsecureCerts: false, browserName: msedge, browserVersion: 108.0.1462.54, ms:edgeOptions: {debuggerAddress: localhost:51023}, msedge: {msedgedriverVersion: 108.0.1462.54 (c2998c8c6617..., userDataDir: C:\Users\u\AppData\Local\Te...}, networkConnectionEnabled: false, pageLoadStrategy: normal, platformName: WINDOWS, proxy: Proxy(), se:cdp: ws://localhost:51023/devtoo..., se:cdpVersion: 108.0.1462.54, setWindowRect: true, strictFileInteractability: false, timeouts: {implicit: 0, pageLoad: 300000, script: 30000}, unhandledPromptBehavior: dismiss and notify, webauthn:extension:credBlob: true, webauthn:extension:largeBlob: true, webauthn:virtualAuthenticators: true}
Element: [[EdgeDriver: msedge on WINDOWS (8eccc9943d0624b02cb687ffce9f0a24)] -> xpath: //button[@type='submit']]
Session ID: 8eccc9943d0624b02cb687ffce9f0a24
at org.openqa.selenium.remote.codec.w3c.W3CHttpResponseCodec.createException(W3CHttpResponseCodec.java:200)
at org.openqa.selenium.remote.codec.w3c.W3CHttpResponseCodec.decode(W3CHttpResponseCodec.java:133)
at org.openqa.selenium.remote.codec.w3c.W3CHttpResponseCodec.decode(W3CHttpResponseCodec.java:53)
at org.openqa.selenium.remote.HttpCommandExecutor.execute(HttpCommandExecutor.java:184)
at org.openqa.selenium.remote.service.DriverCommandExecutor.invokeExecute(DriverCommandExecutor.java:167)
at org.openqa.selenium.remote.service.DriverCommandExecutor.execute(DriverCommandExecutor.java:142)
at org.openqa.selenium.remote.RemoteWebDriver.execute(RemoteWebDriver.java:541)
at org.openqa.selenium.remote.RemoteWebElement.execute(RemoteWebElement.java:257)
at org.openqa.selenium.remote.RemoteWebElement.click(RemoteWebElement.java:78)
at org.openqa.selenium.support.pagefactory.internal.LocatingElementHandler.invoke(LocatingElementHandler.java:52)
at jdk.proxy2/jdk.proxy2.$Proxy35.click(Unknown Source)
at PAYTMPE_POR.WIRE_TRASFER_PAGE.User_SubmitLink(WIRE_TRASFER_PAGE.java:39)
at sample.WIRE_TRANSFER.WIRETRANS(WIRE_TRANSFER.java:29)
at java.base/java.util.ArrayList.forEach(ArrayList.java:1511)
... Removed 35 stack frames]]>
    </failure>
  </testcase> <!-- WIRETRANS -->
  <testcase classname="sample.WIRE_TRANSFER" name="WIRETRANS" time="4.425"/>
  <testcase classname="sample.WIRE_TRANSFER" name="WIRETRANS" time="4.046"/>
  <testcase classname="sample.WIRE_TRANSFER" name="WIRETRANS" time="4.109"/>
  <testcase classname="sample.WIRE_TRANSFER" name="WIRETRANS" time="4.095"/>
  <testcase classname="sample.WIRE_TRANSFER" name="WIRETRANS" time="4.026"/>
  <testcase classname="sample.WIRE_TRANSFER" name="WIRETRANS" time="4.514"/>
</testsuite> <!-- Test -->
