<?xml version="1.0" encoding="UTF-8"?>
<!-- Generated by org.testng.reporters.JUnitXMLReporter -->
<testsuite ignored="0" hostname="DESKTOP-1D3CBA8" failures="2" tests="40" name="Test" time="457.711" errors="0" timestamp="2023-01-03T16:13:34 IST">
  <testcase classname="sample.DASHBOARD_01" name="SUPPORTTICKET" time="3.94">
    <failure type="org.openqa.selenium.ElementClickInterceptedException" message="element click intercepted: Element &amp;lt;a class=&amp;quot;nav-link collapsed&amp;quot; href=&amp;quot;#&amp;quot; data-toggle=&amp;quot;collapse&amp;quot; data-target=&amp;quot;#tickets&amp;quot; aria-expanded=&amp;quot;false&amp;quot; aria-controls=&amp;quot;collapseLayouts&amp;quot;&amp;gt;...&amp;lt;/a&amp;gt; is not clickable at point (170, 590). Other element would receive the click: &amp;lt;div id=&amp;quot;preloader&amp;quot; style=&amp;quot;opacity: 0.999973;&amp;quot;&amp;gt;&amp;lt;/div&amp;gt;
  (Session info: chrome=108.0.5359.125)
Build info: version: &amp;apos;4.6.0&amp;apos;, revision: &amp;apos;79f1c02ae20&amp;apos;
System info: os.name: &amp;apos;Windows 10&amp;apos;, os.arch: &amp;apos;amd64&amp;apos;, os.version: &amp;apos;10.0&amp;apos;, java.version: &amp;apos;17.0.4&amp;apos;
Driver info: org.openqa.selenium.chrome.ChromeDriver
Command: [9f2bc079c333858dffc11ce86fd789f9, clickElement {id=8a05e41a-e54f-450c-9a56-dbba548d48d2}]
Capabilities {acceptInsecureCerts: false, browserName: chrome, browserVersion: 108.0.5359.125, chrome: {chromedriverVersion: 108.0.5359.71 (1e0e3868ee06..., userDataDir: C:\Users\u\AppData\Local\Te...}, goog:chromeOptions: {debuggerAddress: localhost:55248}, networkConnectionEnabled: false, pageLoadStrategy: normal, platformName: WINDOWS, proxy: Proxy(), se:cdp: ws://localhost:55248/devtoo..., se:cdpVersion: 108.0.5359.125, setWindowRect: true, strictFileInteractability: false, timeouts: {implicit: 0, pageLoad: 300000, script: 30000}, unhandledPromptBehavior: dismiss and notify, webauthn:extension:credBlob: true, webauthn:extension:largeBlob: true, webauthn:virtualAuthenticators: true}
Element: [[ChromeDriver: chrome on WINDOWS (9f2bc079c333858dffc11ce86fd789f9)] -&amp;gt; xpath: //a[text()[normalize-space()=&amp;apos;Support Tickets&amp;apos;]]]
Session ID: 9f2bc079c333858dffc11ce86fd789f9">
      <![CDATA[org.openqa.selenium.ElementClickInterceptedException: element click intercepted: Element <a class="nav-link collapsed" href="#" data-toggle="collapse" data-target="#tickets" aria-expanded="false" aria-controls="collapseLayouts">...</a> is not clickable at point (170, 590). Other element would receive the click: <div id="preloader" style="opacity: 0.999973;"></div>
  (Session info: chrome=108.0.5359.125)
Build info: version: '4.6.0', revision: '79f1c02ae20'
System info: os.name: 'Windows 10', os.arch: 'amd64', os.version: '10.0', java.version: '17.0.4'
Driver info: org.openqa.selenium.chrome.ChromeDriver
Command: [9f2bc079c333858dffc11ce86fd789f9, clickElement {id=8a05e41a-e54f-450c-9a56-dbba548d48d2}]
Capabilities {acceptInsecureCerts: false, browserName: chrome, browserVersion: 108.0.5359.125, chrome: {chromedriverVersion: 108.0.5359.71 (1e0e3868ee06..., userDataDir: C:\Users\u\AppData\Local\Te...}, goog:chromeOptions: {debuggerAddress: localhost:55248}, networkConnectionEnabled: false, pageLoadStrategy: normal, platformName: WINDOWS, proxy: Proxy(), se:cdp: ws://localhost:55248/devtoo..., se:cdpVersion: 108.0.5359.125, setWindowRect: true, strictFileInteractability: false, timeouts: {implicit: 0, pageLoad: 300000, script: 30000}, unhandledPromptBehavior: dismiss and notify, webauthn:extension:credBlob: true, webauthn:extension:largeBlob: true, webauthn:virtualAuthenticators: true}
Element: [[ChromeDriver: chrome on WINDOWS (9f2bc079c333858dffc11ce86fd789f9)] -> xpath: //a[text()[normalize-space()='Support Tickets']]]
Session ID: 9f2bc079c333858dffc11ce86fd789f9
at org.openqa.selenium.remote.codec.w3c.W3CHttpResponseCodec.createException(W3CHttpResponseCodec.java:200)
at org.openqa.selenium.remote.codec.w3c.W3CHttpResponseCodec.decode(W3CHttpResponseCodec.java:133)
at org.openqa.selenium.remote.codec.w3c.W3CHttpResponseCodec.decode(W3CHttpResponseCodec.java:53)
at org.openqa.selenium.remote.HttpCommandExecutor.execute(HttpCommandExecutor.java:184)
at org.openqa.selenium.remote.service.DriverCommandExecutor.invokeExecute(DriverCommandExecutor.java:167)
at org.openqa.selenium.remote.service.DriverCommandExecutor.execute(DriverCommandExecutor.java:142)
at org.openqa.selenium.remote.RemoteWebDriver.execute(RemoteWebDriver.java:541)
at org.openqa.selenium.remote.RemoteWebElement.execute(RemoteWebElement.java:257)
at org.openqa.selenium.remote.RemoteWebElement.click(RemoteWebElement.java:78)
at org.openqa.selenium.support.pagefactory.internal.LocatingElementHandler.invoke(LocatingElementHandler.java:52)
at jdk.proxy2/jdk.proxy2.$Proxy35.click(Unknown Source)
at PAYTMPE_POR.DASHBOARDPAGE.User_SupportTicketsLink(DASHBOARDPAGE.java:158)
at sample.DASHBOARD_01.SUPPORTTICKET(DASHBOARD_01.java:28)
at java.base/java.util.ArrayList.forEach(ArrayList.java:1511)
... Removed 36 stack frames]]>
    </failure>
  </testcase> <!-- SUPPORTTICKET -->
  <testcase classname="sample.DASHBOARD_01" name="SUPPORTTICKET" time="9.433"/>
  <testcase classname="sample.DASHBOARD_01" name="SUPPORTTICKET" time="8.191"/>
  <testcase classname="sample.DASHBOARD_01" name="SUPPORTTICKET" time="12.033"/>
  <testcase classname="sample.DASHBOARD_01" name="SUPPORTTICKET" time="4.228">
    <failure type="org.openqa.selenium.ElementClickInterceptedException" message="element click intercepted: Element &amp;lt;a class=&amp;quot;nav-link collapsed&amp;quot; href=&amp;quot;#&amp;quot; data-toggle=&amp;quot;collapse&amp;quot; data-target=&amp;quot;#tickets&amp;quot; aria-expanded=&amp;quot;false&amp;quot; aria-controls=&amp;quot;collapseLayouts&amp;quot;&amp;gt;...&amp;lt;/a&amp;gt; is not clickable at point (170, 590). Other element would receive the click: &amp;lt;div id=&amp;quot;preloader&amp;quot; style=&amp;quot;opacity: 0.983634;&amp;quot;&amp;gt;&amp;lt;/div&amp;gt;
  (Session info: chrome=108.0.5359.125)
Build info: version: &amp;apos;4.6.0&amp;apos;, revision: &amp;apos;79f1c02ae20&amp;apos;
System info: os.name: &amp;apos;Windows 10&amp;apos;, os.arch: &amp;apos;amd64&amp;apos;, os.version: &amp;apos;10.0&amp;apos;, java.version: &amp;apos;17.0.4&amp;apos;
Driver info: org.openqa.selenium.chrome.ChromeDriver
Command: [9f2bc079c333858dffc11ce86fd789f9, clickElement {id=2506b313-8423-4e9f-bfa1-47f9e34b5f60}]
Capabilities {acceptInsecureCerts: false, browserName: chrome, browserVersion: 108.0.5359.125, chrome: {chromedriverVersion: 108.0.5359.71 (1e0e3868ee06..., userDataDir: C:\Users\u\AppData\Local\Te...}, goog:chromeOptions: {debuggerAddress: localhost:55248}, networkConnectionEnabled: false, pageLoadStrategy: normal, platformName: WINDOWS, proxy: Proxy(), se:cdp: ws://localhost:55248/devtoo..., se:cdpVersion: 108.0.5359.125, setWindowRect: true, strictFileInteractability: false, timeouts: {implicit: 0, pageLoad: 300000, script: 30000}, unhandledPromptBehavior: dismiss and notify, webauthn:extension:credBlob: true, webauthn:extension:largeBlob: true, webauthn:virtualAuthenticators: true}
Element: [[ChromeDriver: chrome on WINDOWS (9f2bc079c333858dffc11ce86fd789f9)] -&amp;gt; xpath: //a[text()[normalize-space()=&amp;apos;Support Tickets&amp;apos;]]]
Session ID: 9f2bc079c333858dffc11ce86fd789f9">
      <![CDATA[org.openqa.selenium.ElementClickInterceptedException: element click intercepted: Element <a class="nav-link collapsed" href="#" data-toggle="collapse" data-target="#tickets" aria-expanded="false" aria-controls="collapseLayouts">...</a> is not clickable at point (170, 590). Other element would receive the click: <div id="preloader" style="opacity: 0.983634;"></div>
  (Session info: chrome=108.0.5359.125)
Build info: version: '4.6.0', revision: '79f1c02ae20'
System info: os.name: 'Windows 10', os.arch: 'amd64', os.version: '10.0', java.version: '17.0.4'
Driver info: org.openqa.selenium.chrome.ChromeDriver
Command: [9f2bc079c333858dffc11ce86fd789f9, clickElement {id=2506b313-8423-4e9f-bfa1-47f9e34b5f60}]
Capabilities {acceptInsecureCerts: false, browserName: chrome, browserVersion: 108.0.5359.125, chrome: {chromedriverVersion: 108.0.5359.71 (1e0e3868ee06..., userDataDir: C:\Users\u\AppData\Local\Te...}, goog:chromeOptions: {debuggerAddress: localhost:55248}, networkConnectionEnabled: false, pageLoadStrategy: normal, platformName: WINDOWS, proxy: Proxy(), se:cdp: ws://localhost:55248/devtoo..., se:cdpVersion: 108.0.5359.125, setWindowRect: true, strictFileInteractability: false, timeouts: {implicit: 0, pageLoad: 300000, script: 30000}, unhandledPromptBehavior: dismiss and notify, webauthn:extension:credBlob: true, webauthn:extension:largeBlob: true, webauthn:virtualAuthenticators: true}
Element: [[ChromeDriver: chrome on WINDOWS (9f2bc079c333858dffc11ce86fd789f9)] -> xpath: //a[text()[normalize-space()='Support Tickets']]]
Session ID: 9f2bc079c333858dffc11ce86fd789f9
at org.openqa.selenium.remote.codec.w3c.W3CHttpResponseCodec.createException(W3CHttpResponseCodec.java:200)
at org.openqa.selenium.remote.codec.w3c.W3CHttpResponseCodec.decode(W3CHttpResponseCodec.java:133)
at org.openqa.selenium.remote.codec.w3c.W3CHttpResponseCodec.decode(W3CHttpResponseCodec.java:53)
at org.openqa.selenium.remote.HttpCommandExecutor.execute(HttpCommandExecutor.java:184)
at org.openqa.selenium.remote.service.DriverCommandExecutor.invokeExecute(DriverCommandExecutor.java:167)
at org.openqa.selenium.remote.service.DriverCommandExecutor.execute(DriverCommandExecutor.java:142)
at org.openqa.selenium.remote.RemoteWebDriver.execute(RemoteWebDriver.java:541)
at org.openqa.selenium.remote.RemoteWebElement.execute(RemoteWebElement.java:257)
at org.openqa.selenium.remote.RemoteWebElement.click(RemoteWebElement.java:78)
at org.openqa.selenium.support.pagefactory.internal.LocatingElementHandler.invoke(LocatingElementHandler.java:52)
at jdk.proxy2/jdk.proxy2.$Proxy35.click(Unknown Source)
at PAYTMPE_POR.DASHBOARDPAGE.User_SupportTicketsLink(DASHBOARDPAGE.java:158)
at sample.DASHBOARD_01.SUPPORTTICKET(DASHBOARD_01.java:28)
at java.base/java.util.ArrayList.forEach(ArrayList.java:1511)
... Removed 35 stack frames]]>
    </failure>
  </testcase> <!-- SUPPORTTICKET -->
  <testcase classname="sample.DASHBOARD_01" name="SUPPORTTICKET" time="10.148"/>
  <testcase classname="sample.DASHBOARD_01" name="SUPPORTTICKET" time="9.482"/>
  <testcase classname="sample.DASHBOARD_01" name="SUPPORTTICKET" time="8.241"/>
  <testcase classname="sample.SEND_MONEY" name="SENDMONEY" time="3.125"/>
  <testcase classname="sample.SEND_MONEY" name="SENDMONEY" time="2.846"/>
  <testcase classname="sample.SEND_MONEY" name="SENDMONEY" time="5.166"/>
  <testcase classname="sample.SEND_MONEY" name="SENDMONEY" time="2.943"/>
  <testcase classname="sample.SEND_MONEY" name="SENDMONEY" time="3.335"/>
  <testcase classname="sample.SEND_MONEY" name="SENDMONEY" time="2.88"/>
  <testcase classname="sample.SEND_MONEY" name="SENDMONEY" time="2.977"/>
  <testcase classname="sample.SEND_MONEY" name="SENDMONEY" time="3.264"/>
  <testcase classname="sample.EXCHANGE_MONEY" name="EXCHANGEMONEY" time="3.354"/>
  <testcase classname="sample.EXCHANGE_MONEY" name="EXCHANGEMONEY" time="2.996"/>
  <testcase classname="sample.EXCHANGE_MONEY" name="EXCHANGEMONEY" time="2.895"/>
  <testcase classname="sample.EXCHANGE_MONEY" name="EXCHANGEMONEY" time="2.924"/>
  <testcase classname="sample.EXCHANGE_MONEY" name="EXCHANGEMONEY" time="2.904"/>
  <testcase classname="sample.EXCHANGE_MONEY" name="EXCHANGEMONEY" time="2.766"/>
  <testcase classname="sample.EXCHANGE_MONEY" name="EXCHANGEMONEY" time="2.797"/>
  <testcase classname="sample.EXCHANGE_MONEY" name="EXCHANGEMONEY" time="2.586"/>
  <testcase classname="sample.WIRE_TRANSFER" name="WIRETRANS" time="3.425"/>
  <testcase classname="sample.WIRE_TRANSFER" name="WIRETRANS" time="2.639"/>
  <testcase classname="sample.WIRE_TRANSFER" name="WIRETRANS" time="2.647"/>
  <testcase classname="sample.WIRE_TRANSFER" name="WIRETRANS" time="2.795"/>
  <testcase classname="sample.WIRE_TRANSFER" name="WIRETRANS" time="2.314"/>
  <testcase classname="sample.WIRE_TRANSFER" name="WIRETRANS" time="2.962"/>
  <testcase classname="sample.WIRE_TRANSFER" name="WIRETRANS" time="3.06"/>
  <testcase classname="sample.WIRE_TRANSFER" name="WIRETRANS" time="3.179"/>
  <testcase classname="sample.PAYMENT_REQUEST" name="MONEYREQ" time="2.77"/>
  <testcase classname="sample.PAYMENT_REQUEST" name="MONEYREQ" time="2.782"/>
  <testcase classname="sample.PAYMENT_REQUEST" name="MONEYREQ" time="2.706"/>
  <testcase classname="sample.PAYMENT_REQUEST" name="MONEYREQ" time="2.847"/>
  <testcase classname="sample.PAYMENT_REQUEST" name="MONEYREQ" time="2.69"/>
  <testcase classname="sample.PAYMENT_REQUEST" name="MONEYREQ" time="2.754"/>
  <testcase classname="sample.PAYMENT_REQUEST" name="MONEYREQ" time="3.124"/>
  <testcase classname="sample.PAYMENT_REQUEST" name="MONEYREQ" time="3.154"/>
</testsuite> <!-- Test -->
