<?xml version="1.0" encoding="UTF-8"?>
<testsuite xmlns:xsi="http://www.w3.org/2001/XMLSchema-instance" xsi:schemaLocation="https://maven.apache.org/surefire/maven-surefire-plugin/xsd/surefire-test-report.xsd" name="TestSuite" time="283.303" tests="49" errors="0" skipped="24" failures="1">
  <properties>
[...]
</properties>
  <testcase name="login" classname="sample.DASHBOARD_01" time="37.698">
    <failure message="no such element: Unable to locate element: {&quot;method&quot;:&quot;xpath&quot;,&quot;selector&quot;:&quot;//input[@name=&apos;email&apos;]&quot;}&#10;  (Session info: MicrosoftEdge=108.0.1462.54)&#10;For documentation on this error, please visit: https://selenium.dev/exceptions/#no_such_element&#10;Build info: version: &apos;4.6.0&apos;, revision: &apos;79f1c02ae20&apos;&#10;System info: os.name: &apos;Windows 10&apos;, os.arch: &apos;amd64&apos;, os.version: &apos;10.0&apos;, java.version: &apos;17.0.5&apos;&#10;Driver info: org.openqa.selenium.edge.EdgeDriver&#10;Command: [723ca7aa9fbdf699479d0b1a44cd6587, findElement {using=xpath, value=//input[@name=&apos;email&apos;]}]&#10;Capabilities {acceptInsecureCerts: false, browserName: msedge, browserVersion: 108.0.1462.54, ms:edgeOptions: {debuggerAddress: localhost:59848}, msedge: {msedgedriverVersion: 108.0.1462.54 (c2998c8c6617..., userDataDir: C:\Users\u\AppData\Local\Te...}, networkConnectionEnabled: false, pageLoadStrategy: normal, platformName: WINDOWS, proxy: Proxy(), se:cdp: ws://localhost:59848/devtoo..., se:cdpVersion: 108.0.1462.54, setWindowRect: true, strictFileInteractability: false, timeouts: {implicit: 0, pageLoad: 300000, script: 30000}, unhandledPromptBehavior: dismiss and notify, webauthn:extension:credBlob: true, webauthn:extension:largeBlob: true, webauthn:virtualAuthenticators: true}&#10;Session ID: 723ca7aa9fbdf699479d0b1a44cd6587" type="org.openqa.selenium.NoSuchElementException">org.openqa.selenium.NoSuchElementException: 
no such element: Unable to locate element: {"method":"xpath","selector":"//input[@name='email']"}
  (Session info: MicrosoftEdge=108.0.1462.54)
For documentation on this error, please visit: https://selenium.dev/exceptions/#no_such_element
Build info: version: '4.6.0', revision: '79f1c02ae20'
System info: os.name: 'Windows 10', os.arch: 'amd64', os.version: '10.0', java.version: '17.0.5'
Driver info: org.openqa.selenium.edge.EdgeDriver
Command: [723ca7aa9fbdf699479d0b1a44cd6587, findElement {using=xpath, value=//input[@name='email']}]
Capabilities {acceptInsecureCerts: false, browserName: msedge, browserVersion: 108.0.1462.54, ms:edgeOptions: {debuggerAddress: localhost:59848}, msedge: {msedgedriverVersion: 108.0.1462.54 (c2998c8c6617..., userDataDir: C:\Users\u\AppData\Local\Te...}, networkConnectionEnabled: false, pageLoadStrategy: normal, platformName: WINDOWS, proxy: Proxy(), se:cdp: ws://localhost:59848/devtoo..., se:cdpVersion: 108.0.1462.54, setWindowRect: true, strictFileInteractability: false, timeouts: {implicit: 0, pageLoad: 300000, script: 30000}, unhandledPromptBehavior: dismiss and notify, webauthn:extension:credBlob: true, webauthn:extension:largeBlob: true, webauthn:virtualAuthenticators: true}
Session ID: 723ca7aa9fbdf699479d0b1a44cd6587
</failure>
    <system-err><![CDATA[SLF4J: Failed to load class "org.slf4j.impl.StaticLoggerBinder".
SLF4J: Defaulting to no-operation (NOP) logger implementation
SLF4J: See http://www.slf4j.org/codes.html#StaticLoggerBinder for further details.
Starting Microsoft Edge WebDriver 108.0.1462.54 (c2998c8c661724d797c22f48cf555a2bef5029ee) on port 3271
To submit feedback, report a bug, or suggest new features, please visit https://github.com/MicrosoftEdge/EdgeWebDriver

Only local connections are allowed.
Please see https://aka.ms/WebDriverSecurity for suggestions on keeping Microsoft Edge WebDriver safe.

Microsoft Edge WebDriver was started successfully.
Jan 02, 2023 10:53:14 PM org.openqa.selenium.devtools.CdpVersionFinder findNearestMatch
WARNING: Unable to find an exact match for CDP version 108, so returning the closest version found: 107
]]></system-err>
  </testcase>
  <testcase name="login" classname="sample.DASHBOARD_01" time="0">
    <skipped/>
  </testcase>
  <testcase name="login" classname="sample.DASHBOARD_01" time="0">
    <skipped/>
  </testcase>
  <testcase name="login" classname="sample.DASHBOARD_01" time="0">
    <skipped/>
  </testcase>
  <testcase name="login" classname="sample.DASHBOARD_01" time="0">
    <skipped/>
  </testcase>
  <testcase name="login" classname="sample.DASHBOARD_01" time="0">
    <skipped/>
  </testcase>
  <testcase name="login" classname="sample.DASHBOARD_01" time="0">
    <skipped/>
  </testcase>
  <testcase name="login" classname="sample.DASHBOARD_01" time="0">
    <skipped/>
  </testcase>
  <testcase name="SUPPORTTICKET" classname="sample.DASHBOARD_01" time="0">
    <skipped message="no such element: Unable to locate element: {&quot;method&quot;:&quot;xpath&quot;,&quot;selector&quot;:&quot;//input[@name=&apos;email&apos;]&quot;}&#10;  (Session info: MicrosoftEdge=108.0.1462.54)&#10;For documentation on this error, please visit: https://selenium.dev/exceptions/#no_such_element&#10;Build info: version: &apos;4.6.0&apos;, revision: &apos;79f1c02ae20&apos;&#10;System info: os.name: &apos;Windows 10&apos;, os.arch: &apos;amd64&apos;, os.version: &apos;10.0&apos;, java.version: &apos;17.0.5&apos;&#10;Driver info: org.openqa.selenium.edge.EdgeDriver&#10;Command: [723ca7aa9fbdf699479d0b1a44cd6587, findElement {using=xpath, value=//input[@name=&apos;email&apos;]}]&#10;Capabilities {acceptInsecureCerts: false, browserName: msedge, browserVersion: 108.0.1462.54, ms:edgeOptions: {debuggerAddress: localhost:59848}, msedge: {msedgedriverVersion: 108.0.1462.54 (c2998c8c6617..., userDataDir: C:\Users\u\AppData\Local\Te...}, networkConnectionEnabled: false, pageLoadStrategy: normal, platformName: WINDOWS, proxy: Proxy(), se:cdp: ws://localhost:59848/devtoo..., se:cdpVersion: 108.0.1462.54, setWindowRect: true, strictFileInteractability: false, timeouts: {implicit: 0, pageLoad: 300000, script: 30000}, unhandledPromptBehavior: dismiss and notify, webauthn:extension:credBlob: true, webauthn:extension:largeBlob: true, webauthn:virtualAuthenticators: true}&#10;Session ID: 723ca7aa9fbdf699479d0b1a44cd6587"/>
  </testcase>
  <testcase name="SUPPORTTICKET" classname="sample.DASHBOARD_01" time="0">
    <skipped message="no such element: Unable to locate element: {&quot;method&quot;:&quot;xpath&quot;,&quot;selector&quot;:&quot;//input[@name=&apos;email&apos;]&quot;}&#10;  (Session info: MicrosoftEdge=108.0.1462.54)&#10;For documentation on this error, please visit: https://selenium.dev/exceptions/#no_such_element&#10;Build info: version: &apos;4.6.0&apos;, revision: &apos;79f1c02ae20&apos;&#10;System info: os.name: &apos;Windows 10&apos;, os.arch: &apos;amd64&apos;, os.version: &apos;10.0&apos;, java.version: &apos;17.0.5&apos;&#10;Driver info: org.openqa.selenium.edge.EdgeDriver&#10;Command: [723ca7aa9fbdf699479d0b1a44cd6587, findElement {using=xpath, value=//input[@name=&apos;email&apos;]}]&#10;Capabilities {acceptInsecureCerts: false, browserName: msedge, browserVersion: 108.0.1462.54, ms:edgeOptions: {debuggerAddress: localhost:59848}, msedge: {msedgedriverVersion: 108.0.1462.54 (c2998c8c6617..., userDataDir: C:\Users\u\AppData\Local\Te...}, networkConnectionEnabled: false, pageLoadStrategy: normal, platformName: WINDOWS, proxy: Proxy(), se:cdp: ws://localhost:59848/devtoo..., se:cdpVersion: 108.0.1462.54, setWindowRect: true, strictFileInteractability: false, timeouts: {implicit: 0, pageLoad: 300000, script: 30000}, unhandledPromptBehavior: dismiss and notify, webauthn:extension:credBlob: true, webauthn:extension:largeBlob: true, webauthn:virtualAuthenticators: true}&#10;Session ID: 723ca7aa9fbdf699479d0b1a44cd6587"/>
  </testcase>
  <testcase name="SUPPORTTICKET" classname="sample.DASHBOARD_01" time="0">
    <skipped message="no such element: Unable to locate element: {&quot;method&quot;:&quot;xpath&quot;,&quot;selector&quot;:&quot;//input[@name=&apos;email&apos;]&quot;}&#10;  (Session info: MicrosoftEdge=108.0.1462.54)&#10;For documentation on this error, please visit: https://selenium.dev/exceptions/#no_such_element&#10;Build info: version: &apos;4.6.0&apos;, revision: &apos;79f1c02ae20&apos;&#10;System info: os.name: &apos;Windows 10&apos;, os.arch: &apos;amd64&apos;, os.version: &apos;10.0&apos;, java.version: &apos;17.0.5&apos;&#10;Driver info: org.openqa.selenium.edge.EdgeDriver&#10;Command: [723ca7aa9fbdf699479d0b1a44cd6587, findElement {using=xpath, value=//input[@name=&apos;email&apos;]}]&#10;Capabilities {acceptInsecureCerts: false, browserName: msedge, browserVersion: 108.0.1462.54, ms:edgeOptions: {debuggerAddress: localhost:59848}, msedge: {msedgedriverVersion: 108.0.1462.54 (c2998c8c6617..., userDataDir: C:\Users\u\AppData\Local\Te...}, networkConnectionEnabled: false, pageLoadStrategy: normal, platformName: WINDOWS, proxy: Proxy(), se:cdp: ws://localhost:59848/devtoo..., se:cdpVersion: 108.0.1462.54, setWindowRect: true, strictFileInteractability: false, timeouts: {implicit: 0, pageLoad: 300000, script: 30000}, unhandledPromptBehavior: dismiss and notify, webauthn:extension:credBlob: true, webauthn:extension:largeBlob: true, webauthn:virtualAuthenticators: true}&#10;Session ID: 723ca7aa9fbdf699479d0b1a44cd6587"/>
  </testcase>
  <testcase name="SUPPORTTICKET" classname="sample.DASHBOARD_01" time="0">
    <skipped message="no such element: Unable to locate element: {&quot;method&quot;:&quot;xpath&quot;,&quot;selector&quot;:&quot;//input[@name=&apos;email&apos;]&quot;}&#10;  (Session info: MicrosoftEdge=108.0.1462.54)&#10;For documentation on this error, please visit: https://selenium.dev/exceptions/#no_such_element&#10;Build info: version: &apos;4.6.0&apos;, revision: &apos;79f1c02ae20&apos;&#10;System info: os.name: &apos;Windows 10&apos;, os.arch: &apos;amd64&apos;, os.version: &apos;10.0&apos;, java.version: &apos;17.0.5&apos;&#10;Driver info: org.openqa.selenium.edge.EdgeDriver&#10;Command: [723ca7aa9fbdf699479d0b1a44cd6587, findElement {using=xpath, value=//input[@name=&apos;email&apos;]}]&#10;Capabilities {acceptInsecureCerts: false, browserName: msedge, browserVersion: 108.0.1462.54, ms:edgeOptions: {debuggerAddress: localhost:59848}, msedge: {msedgedriverVersion: 108.0.1462.54 (c2998c8c6617..., userDataDir: C:\Users\u\AppData\Local\Te...}, networkConnectionEnabled: false, pageLoadStrategy: normal, platformName: WINDOWS, proxy: Proxy(), se:cdp: ws://localhost:59848/devtoo..., se:cdpVersion: 108.0.1462.54, setWindowRect: true, strictFileInteractability: false, timeouts: {implicit: 0, pageLoad: 300000, script: 30000}, unhandledPromptBehavior: dismiss and notify, webauthn:extension:credBlob: true, webauthn:extension:largeBlob: true, webauthn:virtualAuthenticators: true}&#10;Session ID: 723ca7aa9fbdf699479d0b1a44cd6587"/>
  </testcase>
  <testcase name="SUPPORTTICKET" classname="sample.DASHBOARD_01" time="0">
    <skipped message="no such element: Unable to locate element: {&quot;method&quot;:&quot;xpath&quot;,&quot;selector&quot;:&quot;//input[@name=&apos;email&apos;]&quot;}&#10;  (Session info: MicrosoftEdge=108.0.1462.54)&#10;For documentation on this error, please visit: https://selenium.dev/exceptions/#no_such_element&#10;Build info: version: &apos;4.6.0&apos;, revision: &apos;79f1c02ae20&apos;&#10;System info: os.name: &apos;Windows 10&apos;, os.arch: &apos;amd64&apos;, os.version: &apos;10.0&apos;, java.version: &apos;17.0.5&apos;&#10;Driver info: org.openqa.selenium.edge.EdgeDriver&#10;Command: [723ca7aa9fbdf699479d0b1a44cd6587, findElement {using=xpath, value=//input[@name=&apos;email&apos;]}]&#10;Capabilities {acceptInsecureCerts: false, browserName: msedge, browserVersion: 108.0.1462.54, ms:edgeOptions: {debuggerAddress: localhost:59848}, msedge: {msedgedriverVersion: 108.0.1462.54 (c2998c8c6617..., userDataDir: C:\Users\u\AppData\Local\Te...}, networkConnectionEnabled: false, pageLoadStrategy: normal, platformName: WINDOWS, proxy: Proxy(), se:cdp: ws://localhost:59848/devtoo..., se:cdpVersion: 108.0.1462.54, setWindowRect: true, strictFileInteractability: false, timeouts: {implicit: 0, pageLoad: 300000, script: 30000}, unhandledPromptBehavior: dismiss and notify, webauthn:extension:credBlob: true, webauthn:extension:largeBlob: true, webauthn:virtualAuthenticators: true}&#10;Session ID: 723ca7aa9fbdf699479d0b1a44cd6587"/>
  </testcase>
  <testcase name="SUPPORTTICKET" classname="sample.DASHBOARD_01" time="0">
    <skipped message="no such element: Unable to locate element: {&quot;method&quot;:&quot;xpath&quot;,&quot;selector&quot;:&quot;//input[@name=&apos;email&apos;]&quot;}&#10;  (Session info: MicrosoftEdge=108.0.1462.54)&#10;For documentation on this error, please visit: https://selenium.dev/exceptions/#no_such_element&#10;Build info: version: &apos;4.6.0&apos;, revision: &apos;79f1c02ae20&apos;&#10;System info: os.name: &apos;Windows 10&apos;, os.arch: &apos;amd64&apos;, os.version: &apos;10.0&apos;, java.version: &apos;17.0.5&apos;&#10;Driver info: org.openqa.selenium.edge.EdgeDriver&#10;Command: [723ca7aa9fbdf699479d0b1a44cd6587, findElement {using=xpath, value=//input[@name=&apos;email&apos;]}]&#10;Capabilities {acceptInsecureCerts: false, browserName: msedge, browserVersion: 108.0.1462.54, ms:edgeOptions: {debuggerAddress: localhost:59848}, msedge: {msedgedriverVersion: 108.0.1462.54 (c2998c8c6617..., userDataDir: C:\Users\u\AppData\Local\Te...}, networkConnectionEnabled: false, pageLoadStrategy: normal, platformName: WINDOWS, proxy: Proxy(), se:cdp: ws://localhost:59848/devtoo..., se:cdpVersion: 108.0.1462.54, setWindowRect: true, strictFileInteractability: false, timeouts: {implicit: 0, pageLoad: 300000, script: 30000}, unhandledPromptBehavior: dismiss and notify, webauthn:extension:credBlob: true, webauthn:extension:largeBlob: true, webauthn:virtualAuthenticators: true}&#10;Session ID: 723ca7aa9fbdf699479d0b1a44cd6587"/>
  </testcase>
  <testcase name="SUPPORTTICKET" classname="sample.DASHBOARD_01" time="0">
    <skipped message="no such element: Unable to locate element: {&quot;method&quot;:&quot;xpath&quot;,&quot;selector&quot;:&quot;//input[@name=&apos;email&apos;]&quot;}&#10;  (Session info: MicrosoftEdge=108.0.1462.54)&#10;For documentation on this error, please visit: https://selenium.dev/exceptions/#no_such_element&#10;Build info: version: &apos;4.6.0&apos;, revision: &apos;79f1c02ae20&apos;&#10;System info: os.name: &apos;Windows 10&apos;, os.arch: &apos;amd64&apos;, os.version: &apos;10.0&apos;, java.version: &apos;17.0.5&apos;&#10;Driver info: org.openqa.selenium.edge.EdgeDriver&#10;Command: [723ca7aa9fbdf699479d0b1a44cd6587, findElement {using=xpath, value=//input[@name=&apos;email&apos;]}]&#10;Capabilities {acceptInsecureCerts: false, browserName: msedge, browserVersion: 108.0.1462.54, ms:edgeOptions: {debuggerAddress: localhost:59848}, msedge: {msedgedriverVersion: 108.0.1462.54 (c2998c8c6617..., userDataDir: C:\Users\u\AppData\Local\Te...}, networkConnectionEnabled: false, pageLoadStrategy: normal, platformName: WINDOWS, proxy: Proxy(), se:cdp: ws://localhost:59848/devtoo..., se:cdpVersion: 108.0.1462.54, setWindowRect: true, strictFileInteractability: false, timeouts: {implicit: 0, pageLoad: 300000, script: 30000}, unhandledPromptBehavior: dismiss and notify, webauthn:extension:credBlob: true, webauthn:extension:largeBlob: true, webauthn:virtualAuthenticators: true}&#10;Session ID: 723ca7aa9fbdf699479d0b1a44cd6587"/>
  </testcase>
  <testcase name="SUPPORTTICKET" classname="sample.DASHBOARD_01" time="0">
    <skipped message="no such element: Unable to locate element: {&quot;method&quot;:&quot;xpath&quot;,&quot;selector&quot;:&quot;//input[@name=&apos;email&apos;]&quot;}&#10;  (Session info: MicrosoftEdge=108.0.1462.54)&#10;For documentation on this error, please visit: https://selenium.dev/exceptions/#no_such_element&#10;Build info: version: &apos;4.6.0&apos;, revision: &apos;79f1c02ae20&apos;&#10;System info: os.name: &apos;Windows 10&apos;, os.arch: &apos;amd64&apos;, os.version: &apos;10.0&apos;, java.version: &apos;17.0.5&apos;&#10;Driver info: org.openqa.selenium.edge.EdgeDriver&#10;Command: [723ca7aa9fbdf699479d0b1a44cd6587, findElement {using=xpath, value=//input[@name=&apos;email&apos;]}]&#10;Capabilities {acceptInsecureCerts: false, browserName: msedge, browserVersion: 108.0.1462.54, ms:edgeOptions: {debuggerAddress: localhost:59848}, msedge: {msedgedriverVersion: 108.0.1462.54 (c2998c8c6617..., userDataDir: C:\Users\u\AppData\Local\Te...}, networkConnectionEnabled: false, pageLoadStrategy: normal, platformName: WINDOWS, proxy: Proxy(), se:cdp: ws://localhost:59848/devtoo..., se:cdpVersion: 108.0.1462.54, setWindowRect: true, strictFileInteractability: false, timeouts: {implicit: 0, pageLoad: 300000, script: 30000}, unhandledPromptBehavior: dismiss and notify, webauthn:extension:credBlob: true, webauthn:extension:largeBlob: true, webauthn:virtualAuthenticators: true}&#10;Session ID: 723ca7aa9fbdf699479d0b1a44cd6587"/>
  </testcase>
  <testcase name="logout" classname="sample.DASHBOARD_01" time="0">
    <skipped/>
  </testcase>
  <testcase name="logout" classname="sample.DASHBOARD_01" time="0">
    <skipped/>
  </testcase>
  <testcase name="logout" classname="sample.DASHBOARD_01" time="0">
    <skipped/>
  </testcase>
  <testcase name="logout" classname="sample.DASHBOARD_01" time="0">
    <skipped/>
  </testcase>
  <testcase name="logout" classname="sample.DASHBOARD_01" time="0">
    <skipped/>
  </testcase>
  <testcase name="logout" classname="sample.DASHBOARD_01" time="0">
    <skipped/>
  </testcase>
  <testcase name="logout" classname="sample.DASHBOARD_01" time="0">
    <skipped/>
  </testcase>
  <testcase name="logout" classname="sample.DASHBOARD_01" time="0">
    <skipped/>
  </testcase>
  <testcase name="Teardown" classname="sample.DASHBOARD_01" time="0">
    <skipped/>
  </testcase>
  <testcase name="SENDMONEY" classname="sample.SEND_MONEY" time="4.2"/>
  <testcase name="SENDMONEY" classname="sample.SEND_MONEY" time="3.586"/>
  <testcase name="SENDMONEY" classname="sample.SEND_MONEY" time="5.3"/>
  <testcase name="SENDMONEY" classname="sample.SEND_MONEY" time="4.263"/>
  <testcase name="SENDMONEY" classname="sample.SEND_MONEY" time="4.004"/>
  <testcase name="SENDMONEY" classname="sample.SEND_MONEY" time="3.602"/>
  <testcase name="SENDMONEY" classname="sample.SEND_MONEY" time="3.775"/>
  <testcase name="SENDMONEY" classname="sample.SEND_MONEY" time="3.626"/>
  <testcase name="EXCHANGEMONEY" classname="sample.EXCHANGE_MONEY" time="4.325"/>
  <testcase name="EXCHANGEMONEY" classname="sample.EXCHANGE_MONEY" time="3.887"/>
  <testcase name="EXCHANGEMONEY" classname="sample.EXCHANGE_MONEY" time="3.955"/>
  <testcase name="EXCHANGEMONEY" classname="sample.EXCHANGE_MONEY" time="4.015"/>
  <testcase name="EXCHANGEMONEY" classname="sample.EXCHANGE_MONEY" time="4.119"/>
  <testcase name="EXCHANGEMONEY" classname="sample.EXCHANGE_MONEY" time="3.9"/>
  <testcase name="EXCHANGEMONEY" classname="sample.EXCHANGE_MONEY" time="3.951"/>
  <testcase name="EXCHANGEMONEY" classname="sample.EXCHANGE_MONEY" time="4.04"/>
  <testcase name="WIRETRANS" classname="sample.WIRE_TRANSFER" time="3.772"/>
  <testcase name="WIRETRANS" classname="sample.WIRE_TRANSFER" time="3.201"/>
  <testcase name="WIRETRANS" classname="sample.WIRE_TRANSFER" time="4.327"/>
  <testcase name="WIRETRANS" classname="sample.WIRE_TRANSFER" time="3.438"/>
  <testcase name="WIRETRANS" classname="sample.WIRE_TRANSFER" time="3.121"/>
  <testcase name="WIRETRANS" classname="sample.WIRE_TRANSFER" time="3.825"/>
  <testcase name="WIRETRANS" classname="sample.WIRE_TRANSFER" time="3.506"/>
  <testcase name="WIRETRANS" classname="sample.WIRE_TRANSFER" time="3.237"/>
</testsuite>