<?xml version="1.0" encoding="UTF-8"?>
<testng-results ignored="0" total="32" passed="31" failed="1" skipped="0">
  <reporter-output>
  </reporter-output>
  <suite started-at="2023-01-02T16:41:03 IST" name="Suite" finished-at="2023-01-02T16:47:20 IST" duration-ms="376975">
    <groups>
    </groups>
    <test started-at="2023-01-02T16:41:03 IST" name="Test" finished-at="2023-01-02T16:47:20 IST" duration-ms="376975">
      <class name="sample.EXCHANGE_MONEY">
        <test-method is-config="true" signature="setup()[pri:0, instance:sample.EXCHANGE_MONEY@51c668e3]" started-at="2023-01-02T16:44:30 IST" name="setup" finished-at="2023-01-02T16:44:36 IST" duration-ms="6071" status="PASS">
          <reporter-output>
          </reporter-output>
        </test-method> <!-- setup -->
        <test-method is-config="true" signature="login()[pri:0, instance:sample.EXCHANGE_MONEY@51c668e3]" started-at="2023-01-02T16:44:36 IST" name="login" finished-at="2023-01-02T16:44:40 IST" duration-ms="3614" status="PASS">
          <reporter-output>
          </reporter-output>
        </test-method> <!-- login -->
        <test-method signature="EXCHANGEMONEY(java.lang.String,java.lang.String,java.lang.String,java.lang.String)[pri:0, instance:sample.EXCHANGE_MONEY@51c668e3]" started-at="2023-01-02T16:44:40 IST" name="EXCHANGEMONEY" data-provider="EXCHANGEMONEY" finished-at="2023-01-02T16:44:44 IST" duration-ms="3941" status="PASS">
          <params>
            <param index="0">
              <value>
                <![CDATA[1]]>
              </value>
            </param>
            <param index="1">
              <value>
                <![CDATA[2]]>
              </value>
            </param>
            <param index="2">
              <value>
                <![CDATA[50]]>
              </value>
            </param>
            <param index="3">
              <value>
                <![CDATA[GOOD]]>
              </value>
            </param>
          </params>
          <reporter-output>
          </reporter-output>
        </test-method> <!-- EXCHANGEMONEY -->
        <test-method is-config="true" signature="logout()[pri:0, instance:sample.EXCHANGE_MONEY@51c668e3]" started-at="2023-01-02T16:44:44 IST" name="logout" finished-at="2023-01-02T16:44:46 IST" duration-ms="1993" status="PASS">
          <reporter-output>
          </reporter-output>
        </test-method> <!-- logout -->
        <test-method is-config="true" signature="login()[pri:0, instance:sample.EXCHANGE_MONEY@51c668e3]" started-at="2023-01-02T16:44:46 IST" name="login" finished-at="2023-01-02T16:44:49 IST" duration-ms="2659" status="PASS">
          <reporter-output>
          </reporter-output>
        </test-method> <!-- login -->
        <test-method signature="EXCHANGEMONEY(java.lang.String,java.lang.String,java.lang.String,java.lang.String)[pri:0, instance:sample.EXCHANGE_MONEY@51c668e3]" started-at="2023-01-02T16:44:49 IST" name="EXCHANGEMONEY" data-provider="EXCHANGEMONEY" finished-at="2023-01-02T16:44:53 IST" duration-ms="3877" status="PASS">
          <params>
            <param index="0">
              <value>
                <![CDATA[2]]>
              </value>
            </param>
            <param index="1">
              <value>
                <![CDATA[1]]>
              </value>
            </param>
            <param index="2">
              <value>
                <![CDATA[100]]>
              </value>
            </param>
            <param index="3">
              <value>
                <![CDATA[VOOD]]>
              </value>
            </param>
          </params>
          <reporter-output>
          </reporter-output>
        </test-method> <!-- EXCHANGEMONEY -->
        <test-method is-config="true" signature="logout()[pri:0, instance:sample.EXCHANGE_MONEY@51c668e3]" started-at="2023-01-02T16:44:53 IST" name="logout" finished-at="2023-01-02T16:44:55 IST" duration-ms="2058" status="PASS">
          <reporter-output>
          </reporter-output>
        </test-method> <!-- logout -->
        <test-method is-config="true" signature="login()[pri:0, instance:sample.EXCHANGE_MONEY@51c668e3]" started-at="2023-01-02T16:44:55 IST" name="login" finished-at="2023-01-02T16:44:58 IST" duration-ms="3350" status="PASS">
          <reporter-output>
          </reporter-output>
        </test-method> <!-- login -->
        <test-method signature="EXCHANGEMONEY(java.lang.String,java.lang.String,java.lang.String,java.lang.String)[pri:0, instance:sample.EXCHANGE_MONEY@51c668e3]" started-at="2023-01-02T16:44:58 IST" name="EXCHANGEMONEY" data-provider="EXCHANGEMONEY" finished-at="2023-01-02T16:45:03 IST" duration-ms="4673" status="PASS">
          <params>
            <param index="0">
              <value>
                <![CDATA[1]]>
              </value>
            </param>
            <param index="1">
              <value>
                <![CDATA[2]]>
              </value>
            </param>
            <param index="2">
              <value>
                <![CDATA[100]]>
              </value>
            </param>
            <param index="3">
              <value>
                <![CDATA[TOOD]]>
              </value>
            </param>
          </params>
          <reporter-output>
          </reporter-output>
        </test-method> <!-- EXCHANGEMONEY -->
        <test-method is-config="true" signature="logout()[pri:0, instance:sample.EXCHANGE_MONEY@51c668e3]" started-at="2023-01-02T16:45:03 IST" name="logout" finished-at="2023-01-02T16:45:05 IST" duration-ms="1936" status="PASS">
          <reporter-output>
          </reporter-output>
        </test-method> <!-- logout -->
        <test-method is-config="true" signature="login()[pri:0, instance:sample.EXCHANGE_MONEY@51c668e3]" started-at="2023-01-02T16:45:05 IST" name="login" finished-at="2023-01-02T16:45:07 IST" duration-ms="2673" status="PASS">
          <reporter-output>
          </reporter-output>
        </test-method> <!-- login -->
        <test-method signature="EXCHANGEMONEY(java.lang.String,java.lang.String,java.lang.String,java.lang.String)[pri:0, instance:sample.EXCHANGE_MONEY@51c668e3]" started-at="2023-01-02T16:45:07 IST" name="EXCHANGEMONEY" data-provider="EXCHANGEMONEY" finished-at="2023-01-02T16:45:12 IST" duration-ms="4552" status="PASS">
          <params>
            <param index="0">
              <value>
                <![CDATA[2]]>
              </value>
            </param>
            <param index="1">
              <value>
                <![CDATA[1]]>
              </value>
            </param>
            <param index="2">
              <value>
                <![CDATA[50]]>
              </value>
            </param>
            <param index="3">
              <value>
                <![CDATA[LOOD]]>
              </value>
            </param>
          </params>
          <reporter-output>
          </reporter-output>
        </test-method> <!-- EXCHANGEMONEY -->
        <test-method is-config="true" signature="logout()[pri:0, instance:sample.EXCHANGE_MONEY@51c668e3]" started-at="2023-01-02T16:45:12 IST" name="logout" finished-at="2023-01-02T16:45:14 IST" duration-ms="1961" status="PASS">
          <reporter-output>
          </reporter-output>
        </test-method> <!-- logout -->
        <test-method is-config="true" signature="login()[pri:0, instance:sample.EXCHANGE_MONEY@51c668e3]" started-at="2023-01-02T16:45:14 IST" name="login" finished-at="2023-01-02T16:45:17 IST" duration-ms="2774" status="PASS">
          <reporter-output>
          </reporter-output>
        </test-method> <!-- login -->
        <test-method signature="EXCHANGEMONEY(java.lang.String,java.lang.String,java.lang.String,java.lang.String)[pri:0, instance:sample.EXCHANGE_MONEY@51c668e3]" started-at="2023-01-02T16:45:17 IST" name="EXCHANGEMONEY" data-provider="EXCHANGEMONEY" finished-at="2023-01-02T16:45:20 IST" duration-ms="3844" status="PASS">
          <params>
            <param index="0">
              <value>
                <![CDATA[1]]>
              </value>
            </param>
            <param index="1">
              <value>
                <![CDATA[2]]>
              </value>
            </param>
            <param index="2">
              <value>
                <![CDATA[75]]>
              </value>
            </param>
            <param index="3">
              <value>
                <![CDATA[IOOY]]>
              </value>
            </param>
          </params>
          <reporter-output>
          </reporter-output>
        </test-method> <!-- EXCHANGEMONEY -->
        <test-method is-config="true" signature="logout()[pri:0, instance:sample.EXCHANGE_MONEY@51c668e3]" started-at="2023-01-02T16:45:20 IST" name="logout" finished-at="2023-01-02T16:45:23 IST" duration-ms="2290" status="PASS">
          <reporter-output>
          </reporter-output>
        </test-method> <!-- logout -->
        <test-method is-config="true" signature="login()[pri:0, instance:sample.EXCHANGE_MONEY@51c668e3]" started-at="2023-01-02T16:45:23 IST" name="login" finished-at="2023-01-02T16:45:26 IST" duration-ms="3178" status="PASS">
          <reporter-output>
          </reporter-output>
        </test-method> <!-- login -->
        <test-method signature="EXCHANGEMONEY(java.lang.String,java.lang.String,java.lang.String,java.lang.String)[pri:0, instance:sample.EXCHANGE_MONEY@51c668e3]" started-at="2023-01-02T16:45:26 IST" name="EXCHANGEMONEY" data-provider="EXCHANGEMONEY" finished-at="2023-01-02T16:45:30 IST" duration-ms="4228" status="PASS">
          <params>
            <param index="0">
              <value>
                <![CDATA[2]]>
              </value>
            </param>
            <param index="1">
              <value>
                <![CDATA[1]]>
              </value>
            </param>
            <param index="2">
              <value>
                <![CDATA[75]]>
              </value>
            </param>
            <param index="3">
              <value>
                <![CDATA[LOOI]]>
              </value>
            </param>
          </params>
          <reporter-output>
          </reporter-output>
        </test-method> <!-- EXCHANGEMONEY -->
        <test-method is-config="true" signature="logout()[pri:0, instance:sample.EXCHANGE_MONEY@51c668e3]" started-at="2023-01-02T16:45:30 IST" name="logout" finished-at="2023-01-02T16:45:32 IST" duration-ms="2288" status="PASS">
          <reporter-output>
          </reporter-output>
        </test-method> <!-- logout -->
        <test-method is-config="true" signature="login()[pri:0, instance:sample.EXCHANGE_MONEY@51c668e3]" started-at="2023-01-02T16:45:32 IST" name="login" finished-at="2023-01-02T16:45:35 IST" duration-ms="2659" status="PASS">
          <reporter-output>
          </reporter-output>
        </test-method> <!-- login -->
        <test-method signature="EXCHANGEMONEY(java.lang.String,java.lang.String,java.lang.String,java.lang.String)[pri:0, instance:sample.EXCHANGE_MONEY@51c668e3]" started-at="2023-01-02T16:45:35 IST" name="EXCHANGEMONEY" data-provider="EXCHANGEMONEY" finished-at="2023-01-02T16:45:39 IST" duration-ms="4146" status="PASS">
          <params>
            <param index="0">
              <value>
                <![CDATA[2]]>
              </value>
            </param>
            <param index="1">
              <value>
                <![CDATA[1]]>
              </value>
            </param>
            <param index="2">
              <value>
                <![CDATA[75]]>
              </value>
            </param>
            <param index="3">
              <value>
                <![CDATA[GTTTY]]>
              </value>
            </param>
          </params>
          <reporter-output>
          </reporter-output>
        </test-method> <!-- EXCHANGEMONEY -->
        <test-method is-config="true" signature="logout()[pri:0, instance:sample.EXCHANGE_MONEY@51c668e3]" started-at="2023-01-02T16:45:39 IST" name="logout" finished-at="2023-01-02T16:45:42 IST" duration-ms="2506" status="PASS">
          <reporter-output>
          </reporter-output>
        </test-method> <!-- logout -->
        <test-method is-config="true" signature="login()[pri:0, instance:sample.EXCHANGE_MONEY@51c668e3]" started-at="2023-01-02T16:45:42 IST" name="login" finished-at="2023-01-02T16:45:45 IST" duration-ms="2984" status="PASS">
          <reporter-output>
          </reporter-output>
        </test-method> <!-- login -->
        <test-method signature="EXCHANGEMONEY(java.lang.String,java.lang.String,java.lang.String,java.lang.String)[pri:0, instance:sample.EXCHANGE_MONEY@51c668e3]" started-at="2023-01-02T16:45:45 IST" name="EXCHANGEMONEY" data-provider="EXCHANGEMONEY" finished-at="2023-01-02T16:45:49 IST" duration-ms="4010" status="PASS">
          <params>
            <param index="0">
              <value>
                <![CDATA[1]]>
              </value>
            </param>
            <param index="1">
              <value>
                <![CDATA[2]]>
              </value>
            </param>
            <param index="2">
              <value>
                <![CDATA[75]]>
              </value>
            </param>
            <param index="3">
              <value>
                <![CDATA[UIU]]>
              </value>
            </param>
          </params>
          <reporter-output>
          </reporter-output>
        </test-method> <!-- EXCHANGEMONEY -->
        <test-method is-config="true" signature="logout()[pri:0, instance:sample.EXCHANGE_MONEY@51c668e3]" started-at="2023-01-02T16:45:49 IST" name="logout" finished-at="2023-01-02T16:45:51 IST" duration-ms="2112" status="PASS">
          <reporter-output>
          </reporter-output>
        </test-method> <!-- logout -->
        <test-method is-config="true" signature="Teardown()[pri:0, instance:sample.EXCHANGE_MONEY@51c668e3]" started-at="2023-01-02T16:45:51 IST" name="Teardown" finished-at="2023-01-02T16:45:51 IST" duration-ms="174" status="PASS">
          <reporter-output>
          </reporter-output>
        </test-method> <!-- Teardown -->
      </class> <!-- sample.EXCHANGE_MONEY -->
      <class name="sample.WIRE_TRANSFER">
        <test-method is-config="true" signature="setup()[pri:0, instance:sample.WIRE_TRANSFER@2e6a8155]" started-at="2023-01-02T16:45:51 IST" name="setup" finished-at="2023-01-02T16:45:58 IST" duration-ms="6977" status="PASS">
          <reporter-output>
          </reporter-output>
        </test-method> <!-- setup -->
        <test-method is-config="true" signature="login()[pri:0, instance:sample.WIRE_TRANSFER@2e6a8155]" started-at="2023-01-02T16:45:59 IST" name="login" finished-at="2023-01-02T16:46:05 IST" duration-ms="5932" status="PASS">
          <reporter-output>
          </reporter-output>
        </test-method> <!-- login -->
        <test-method signature="WIRETRANS(java.lang.String,java.lang.String,java.lang.String,java.lang.String,java.lang.String)[pri:0, instance:sample.WIRE_TRANSFER@2e6a8155]" started-at="2023-01-02T16:46:05 IST" name="WIRETRANS" data-provider="WIREMONEY" finished-at="2023-01-02T16:46:09 IST" duration-ms="4133" status="PASS">
          <params>
            <param index="0">
              <value>
                <![CDATA[1]]>
              </value>
            </param>
            <param index="1">
              <value>
                <![CDATA[7036420206]]>
              </value>
            </param>
            <param index="2">
              <value>
                <![CDATA[saicharan]]>
              </value>
            </param>
            <param index="3">
              <value>
                <![CDATA[160]]>
              </value>
            </param>
            <param index="4">
              <value>
                <![CDATA[wire transfer]]>
              </value>
            </param>
          </params>
          <reporter-output>
          </reporter-output>
        </test-method> <!-- WIRETRANS -->
        <test-method is-config="true" signature="logout()[pri:0, instance:sample.WIRE_TRANSFER@2e6a8155]" started-at="2023-01-02T16:46:09 IST" name="logout" finished-at="2023-01-02T16:46:11 IST" duration-ms="2076" status="PASS">
          <reporter-output>
          </reporter-output>
        </test-method> <!-- logout -->
        <test-method is-config="true" signature="login()[pri:0, instance:sample.WIRE_TRANSFER@2e6a8155]" started-at="2023-01-02T16:46:11 IST" name="login" finished-at="2023-01-02T16:46:15 IST" duration-ms="4406" status="PASS">
          <reporter-output>
          </reporter-output>
        </test-method> <!-- login -->
        <test-method signature="WIRETRANS(java.lang.String,java.lang.String,java.lang.String,java.lang.String,java.lang.String)[pri:0, instance:sample.WIRE_TRANSFER@2e6a8155]" started-at="2023-01-02T16:46:15 IST" name="WIRETRANS" data-provider="WIREMONEY" finished-at="2023-01-02T16:46:19 IST" duration-ms="3679" status="FAIL">
          <params>
            <param index="0">
              <value>
                <![CDATA[1]]>
              </value>
            </param>
            <param index="1">
              <value>
                <![CDATA[8098909090]]>
              </value>
            </param>
            <param index="2">
              <value>
                <![CDATA[UUUUUU]]>
              </value>
            </param>
            <param index="3">
              <value>
                <![CDATA[120]]>
              </value>
            </param>
            <param index="4">
              <value>
                <![CDATA[WT]]>
              </value>
            </param>
          </params>
          <exception class="org.openqa.selenium.ElementClickInterceptedException">
            <message>
              <![CDATA[element click intercepted: Element <button type="submit" class="btn btn-primary btn-lg btn-block">...</button> is not clickable at point (790, 590). Other element would receive the click: <div class="col-md-12">...</div>
  (Session info: MicrosoftEdge=108.0.1462.54)
Build info: version: '4.6.0', revision: '79f1c02ae20'
System info: os.name: 'Windows 10', os.arch: 'amd64', os.version: '10.0', java.version: '17.0.4'
Driver info: org.openqa.selenium.edge.EdgeDriver
Command: [8eccc9943d0624b02cb687ffce9f0a24, clickElement {id=71c8351c-f61d-4c46-91c1-fd570512b962}]
Capabilities {acceptInsecureCerts: false, browserName: msedge, browserVersion: 108.0.1462.54, ms:edgeOptions: {debuggerAddress: localhost:51023}, msedge: {msedgedriverVersion: 108.0.1462.54 (c2998c8c6617..., userDataDir: C:\Users\u\AppData\Local\Te...}, networkConnectionEnabled: false, pageLoadStrategy: normal, platformName: WINDOWS, proxy: Proxy(), se:cdp: ws://localhost:51023/devtoo..., se:cdpVersion: 108.0.1462.54, setWindowRect: true, strictFileInteractability: false, timeouts: {implicit: 0, pageLoad: 300000, script: 30000}, unhandledPromptBehavior: dismiss and notify, webauthn:extension:credBlob: true, webauthn:extension:largeBlob: true, webauthn:virtualAuthenticators: true}
Element: [[EdgeDriver: msedge on WINDOWS (8eccc9943d0624b02cb687ffce9f0a24)] -> xpath: //button[@type='submit']]
Session ID: 8eccc9943d0624b02cb687ffce9f0a24]]>
            </message>
            <full-stacktrace>
              <![CDATA[org.openqa.selenium.ElementClickInterceptedException: element click intercepted: Element <button type="submit" class="btn btn-primary btn-lg btn-block">...</button> is not clickable at point (790, 590). Other element would receive the click: <div class="col-md-12">...</div>
  (Session info: MicrosoftEdge=108.0.1462.54)
Build info: version: '4.6.0', revision: '79f1c02ae20'
System info: os.name: 'Windows 10', os.arch: 'amd64', os.version: '10.0', java.version: '17.0.4'
Driver info: org.openqa.selenium.edge.EdgeDriver
Command: [8eccc9943d0624b02cb687ffce9f0a24, clickElement {id=71c8351c-f61d-4c46-91c1-fd570512b962}]
Capabilities {acceptInsecureCerts: false, browserName: msedge, browserVersion: 108.0.1462.54, ms:edgeOptions: {debuggerAddress: localhost:51023}, msedge: {msedgedriverVersion: 108.0.1462.54 (c2998c8c6617..., userDataDir: C:\Users\u\AppData\Local\Te...}, networkConnectionEnabled: false, pageLoadStrategy: normal, platformName: WINDOWS, proxy: Proxy(), se:cdp: ws://localhost:51023/devtoo..., se:cdpVersion: 108.0.1462.54, setWindowRect: true, strictFileInteractability: false, timeouts: {implicit: 0, pageLoad: 300000, script: 30000}, unhandledPromptBehavior: dismiss and notify, webauthn:extension:credBlob: true, webauthn:extension:largeBlob: true, webauthn:virtualAuthenticators: true}
Element: [[EdgeDriver: msedge on WINDOWS (8eccc9943d0624b02cb687ffce9f0a24)] -> xpath: //button[@type='submit']]
Session ID: 8eccc9943d0624b02cb687ffce9f0a24
at java.base/jdk.internal.reflect.NativeConstructorAccessorImpl.newInstance0(Native Method)
at java.base/jdk.internal.reflect.NativeConstructorAccessorImpl.newInstance(NativeConstructorAccessorImpl.java:77)
at java.base/jdk.internal.reflect.DelegatingConstructorAccessorImpl.newInstance(DelegatingConstructorAccessorImpl.java:45)
at java.base/java.lang.reflect.Constructor.newInstanceWithCaller(Constructor.java:499)
at java.base/java.lang.reflect.Constructor.newInstance(Constructor.java:480)
at org.openqa.selenium.remote.codec.w3c.W3CHttpResponseCodec.createException(W3CHttpResponseCodec.java:200)
at org.openqa.selenium.remote.codec.w3c.W3CHttpResponseCodec.decode(W3CHttpResponseCodec.java:133)
at org.openqa.selenium.remote.codec.w3c.W3CHttpResponseCodec.decode(W3CHttpResponseCodec.java:53)
at org.openqa.selenium.remote.HttpCommandExecutor.execute(HttpCommandExecutor.java:184)
at org.openqa.selenium.remote.service.DriverCommandExecutor.invokeExecute(DriverCommandExecutor.java:167)
at org.openqa.selenium.remote.service.DriverCommandExecutor.execute(DriverCommandExecutor.java:142)
at org.openqa.selenium.remote.RemoteWebDriver.execute(RemoteWebDriver.java:541)
at org.openqa.selenium.remote.RemoteWebElement.execute(RemoteWebElement.java:257)
at org.openqa.selenium.remote.RemoteWebElement.click(RemoteWebElement.java:78)
at jdk.internal.reflect.GeneratedMethodAccessor1.invoke(Unknown Source)
at java.base/jdk.internal.reflect.DelegatingMethodAccessorImpl.invoke(DelegatingMethodAccessorImpl.java:43)
at java.base/java.lang.reflect.Method.invoke(Method.java:568)
at org.openqa.selenium.support.pagefactory.internal.LocatingElementHandler.invoke(LocatingElementHandler.java:52)
at jdk.proxy2/jdk.proxy2.$Proxy35.click(Unknown Source)
at PAYTMPE_POR.WIRE_TRASFER_PAGE.User_SubmitLink(WIRE_TRASFER_PAGE.java:39)
at sample.WIRE_TRANSFER.WIRETRANS(WIRE_TRANSFER.java:29)
at java.base/jdk.internal.reflect.NativeMethodAccessorImpl.invoke0(Native Method)
at java.base/jdk.internal.reflect.NativeMethodAccessorImpl.invoke(NativeMethodAccessorImpl.java:77)
at java.base/jdk.internal.reflect.DelegatingMethodAccessorImpl.invoke(DelegatingMethodAccessorImpl.java:43)
at java.base/java.lang.reflect.Method.invoke(Method.java:568)
at org.testng.internal.MethodInvocationHelper.invokeMethod(MethodInvocationHelper.java:133)
at org.testng.internal.TestInvoker.invokeMethod(TestInvoker.java:598)
at org.testng.internal.TestInvoker.invokeTestMethod(TestInvoker.java:173)
at org.testng.internal.MethodRunner.runInSequence(MethodRunner.java:46)
at org.testng.internal.TestInvoker$MethodInvocationAgent.invoke(TestInvoker.java:824)
at org.testng.internal.TestInvoker.invokeTestMethods(TestInvoker.java:146)
at org.testng.internal.TestMethodWorker.invokeTestMethods(TestMethodWorker.java:146)
at org.testng.internal.TestMethodWorker.run(TestMethodWorker.java:128)
at java.base/java.util.ArrayList.forEach(ArrayList.java:1511)
at org.testng.TestRunner.privateRun(TestRunner.java:794)
at org.testng.TestRunner.run(TestRunner.java:596)
at org.testng.SuiteRunner.runTest(SuiteRunner.java:377)
at org.testng.SuiteRunner.runSequentially(SuiteRunner.java:371)
at org.testng.SuiteRunner.privateRun(SuiteRunner.java:332)
at org.testng.SuiteRunner.run(SuiteRunner.java:276)
at org.testng.SuiteRunnerWorker.runSuite(SuiteRunnerWorker.java:53)
at org.testng.SuiteRunnerWorker.run(SuiteRunnerWorker.java:96)
at org.testng.TestNG.runSuitesSequentially(TestNG.java:1212)
at org.testng.TestNG.runSuitesLocally(TestNG.java:1134)
at org.testng.TestNG.runSuites(TestNG.java:1063)
at org.testng.TestNG.run(TestNG.java:1031)
at org.testng.remote.AbstractRemoteTestNG.run(AbstractRemoteTestNG.java:115)
at org.testng.remote.RemoteTestNG.initAndRun(RemoteTestNG.java:251)
at org.testng.remote.RemoteTestNG.main(RemoteTestNG.java:77)
]]>
            </full-stacktrace>
          </exception> <!-- org.openqa.selenium.ElementClickInterceptedException -->
          <reporter-output>
          </reporter-output>
        </test-method> <!-- WIRETRANS -->
        <test-method is-config="true" signature="logout()[pri:0, instance:sample.WIRE_TRANSFER@2e6a8155]" started-at="2023-01-02T16:46:19 IST" name="logout" finished-at="2023-01-02T16:46:20 IST" duration-ms="1145" status="PASS">
          <reporter-output>
          </reporter-output>
        </test-method> <!-- logout -->
        <test-method is-config="true" signature="login()[pri:0, instance:sample.WIRE_TRANSFER@2e6a8155]" started-at="2023-01-02T16:46:20 IST" name="login" finished-at="2023-01-02T16:46:24 IST" duration-ms="3633" status="PASS">
          <reporter-output>
          </reporter-output>
        </test-method> <!-- login -->
        <test-method signature="WIRETRANS(java.lang.String,java.lang.String,java.lang.String,java.lang.String,java.lang.String)[pri:0, instance:sample.WIRE_TRANSFER@2e6a8155]" started-at="2023-01-02T16:46:24 IST" name="WIRETRANS" data-provider="WIREMONEY" finished-at="2023-01-02T16:46:28 IST" duration-ms="4425" status="PASS">
          <params>
            <param index="0">
              <value>
                <![CDATA[1]]>
              </value>
            </param>
            <param index="1">
              <value>
                <![CDATA[6300231493]]>
              </value>
            </param>
            <param index="2">
              <value>
                <![CDATA[NNNBNN]]>
              </value>
            </param>
            <param index="3">
              <value>
                <![CDATA[150]]>
              </value>
            </param>
            <param index="4">
              <value>
                <![CDATA[IU]]>
              </value>
            </param>
          </params>
          <reporter-output>
          </reporter-output>
        </test-method> <!-- WIRETRANS -->
        <test-method is-config="true" signature="logout()[pri:0, instance:sample.WIRE_TRANSFER@2e6a8155]" started-at="2023-01-02T16:46:28 IST" name="logout" finished-at="2023-01-02T16:46:30 IST" duration-ms="1924" status="PASS">
          <reporter-output>
          </reporter-output>
        </test-method> <!-- logout -->
        <test-method is-config="true" signature="login()[pri:0, instance:sample.WIRE_TRANSFER@2e6a8155]" started-at="2023-01-02T16:46:30 IST" name="login" finished-at="2023-01-02T16:46:33 IST" duration-ms="2895" status="PASS">
          <reporter-output>
          </reporter-output>
        </test-method> <!-- login -->
        <test-method signature="WIRETRANS(java.lang.String,java.lang.String,java.lang.String,java.lang.String,java.lang.String)[pri:0, instance:sample.WIRE_TRANSFER@2e6a8155]" started-at="2023-01-02T16:46:33 IST" name="WIRETRANS" data-provider="WIREMONEY" finished-at="2023-01-02T16:46:37 IST" duration-ms="4046" status="PASS">
          <params>
            <param index="0">
              <value>
                <![CDATA[1]]>
              </value>
            </param>
            <param index="1">
              <value>
                <![CDATA[9010344093]]>
              </value>
            </param>
            <param index="2">
              <value>
                <![CDATA[IJJJHJHJH]]>
              </value>
            </param>
            <param index="3">
              <value>
                <![CDATA[200]]>
              </value>
            </param>
            <param index="4">
              <value>
                <![CDATA[UY]]>
              </value>
            </param>
          </params>
          <reporter-output>
          </reporter-output>
        </test-method> <!-- WIRETRANS -->
        <test-method is-config="true" signature="logout()[pri:0, instance:sample.WIRE_TRANSFER@2e6a8155]" started-at="2023-01-02T16:46:37 IST" name="logout" finished-at="2023-01-02T16:46:39 IST" duration-ms="2071" status="PASS">
          <reporter-output>
          </reporter-output>
        </test-method> <!-- logout -->
        <test-method is-config="true" signature="login()[pri:0, instance:sample.WIRE_TRANSFER@2e6a8155]" started-at="2023-01-02T16:46:39 IST" name="login" finished-at="2023-01-02T16:46:43 IST" duration-ms="3486" status="PASS">
          <reporter-output>
          </reporter-output>
        </test-method> <!-- login -->
        <test-method signature="WIRETRANS(java.lang.String,java.lang.String,java.lang.String,java.lang.String,java.lang.String)[pri:0, instance:sample.WIRE_TRANSFER@2e6a8155]" started-at="2023-01-02T16:46:43 IST" name="WIRETRANS" data-provider="WIREMONEY" finished-at="2023-01-02T16:46:47 IST" duration-ms="4109" status="PASS">
          <params>
            <param index="0">
              <value>
                <![CDATA[1]]>
              </value>
            </param>
            <param index="1">
              <value>
                <![CDATA[9849909090]]>
              </value>
            </param>
            <param index="2">
              <value>
                <![CDATA[KKKJKJKJKU]]>
              </value>
            </param>
            <param index="3">
              <value>
                <![CDATA[250]]>
              </value>
            </param>
            <param index="4">
              <value>
                <![CDATA[EW]]>
              </value>
            </param>
          </params>
          <reporter-output>
          </reporter-output>
        </test-method> <!-- WIRETRANS -->
        <test-method is-config="true" signature="logout()[pri:0, instance:sample.WIRE_TRANSFER@2e6a8155]" started-at="2023-01-02T16:46:47 IST" name="logout" finished-at="2023-01-02T16:46:49 IST" duration-ms="1988" status="PASS">
          <reporter-output>
          </reporter-output>
        </test-method> <!-- logout -->
        <test-method is-config="true" signature="login()[pri:0, instance:sample.WIRE_TRANSFER@2e6a8155]" started-at="2023-01-02T16:46:49 IST" name="login" finished-at="2023-01-02T16:46:52 IST" duration-ms="2903" status="PASS">
          <reporter-output>
          </reporter-output>
        </test-method> <!-- login -->
        <test-method signature="WIRETRANS(java.lang.String,java.lang.String,java.lang.String,java.lang.String,java.lang.String)[pri:0, instance:sample.WIRE_TRANSFER@2e6a8155]" started-at="2023-01-02T16:46:52 IST" name="WIRETRANS" data-provider="WIREMONEY" finished-at="2023-01-02T16:46:56 IST" duration-ms="4095" status="PASS">
          <params>
            <param index="0">
              <value>
                <![CDATA[1]]>
              </value>
            </param>
            <param index="1">
              <value>
                <![CDATA[9879809090]]>
              </value>
            </param>
            <param index="2">
              <value>
                <![CDATA[LLKLKIKJKJJJ]]>
              </value>
            </param>
            <param index="3">
              <value>
                <![CDATA[300]]>
              </value>
            </param>
            <param index="4">
              <value>
                <![CDATA[WT]]>
              </value>
            </param>
          </params>
          <reporter-output>
          </reporter-output>
        </test-method> <!-- WIRETRANS -->
        <test-method is-config="true" signature="logout()[pri:0, instance:sample.WIRE_TRANSFER@2e6a8155]" started-at="2023-01-02T16:46:56 IST" name="logout" finished-at="2023-01-02T16:46:58 IST" duration-ms="2561" status="PASS">
          <reporter-output>
          </reporter-output>
        </test-method> <!-- logout -->
        <test-method is-config="true" signature="login()[pri:0, instance:sample.WIRE_TRANSFER@2e6a8155]" started-at="2023-01-02T16:46:58 IST" name="login" finished-at="2023-01-02T16:47:04 IST" duration-ms="5173" status="PASS">
          <reporter-output>
          </reporter-output>
        </test-method> <!-- login -->
        <test-method signature="WIRETRANS(java.lang.String,java.lang.String,java.lang.String,java.lang.String,java.lang.String)[pri:0, instance:sample.WIRE_TRANSFER@2e6a8155]" started-at="2023-01-02T16:47:04 IST" name="WIRETRANS" data-provider="WIREMONEY" finished-at="2023-01-02T16:47:08 IST" duration-ms="4026" status="PASS">
          <params>
            <param index="0">
              <value>
                <![CDATA[1]]>
              </value>
            </param>
            <param index="1">
              <value>
                <![CDATA[9879809070]]>
              </value>
            </param>
            <param index="2">
              <value>
                <![CDATA[kkkRJTT]]>
              </value>
            </param>
            <param index="3">
              <value>
                <![CDATA[350]]>
              </value>
            </param>
            <param index="4">
              <value>
                <![CDATA[PPP]]>
              </value>
            </param>
          </params>
          <reporter-output>
          </reporter-output>
        </test-method> <!-- WIRETRANS -->
        <test-method is-config="true" signature="logout()[pri:0, instance:sample.WIRE_TRANSFER@2e6a8155]" started-at="2023-01-02T16:47:08 IST" name="logout" finished-at="2023-01-02T16:47:10 IST" duration-ms="2006" status="PASS">
          <reporter-output>
          </reporter-output>
        </test-method> <!-- logout -->
        <test-method is-config="true" signature="login()[pri:0, instance:sample.WIRE_TRANSFER@2e6a8155]" started-at="2023-01-02T16:47:10 IST" name="login" finished-at="2023-01-02T16:47:13 IST" duration-ms="3195" status="PASS">
          <reporter-output>
          </reporter-output>
        </test-method> <!-- login -->
        <test-method signature="WIRETRANS(java.lang.String,java.lang.String,java.lang.String,java.lang.String,java.lang.String)[pri:0, instance:sample.WIRE_TRANSFER@2e6a8155]" started-at="2023-01-02T16:47:13 IST" name="WIRETRANS" data-provider="WIREMONEY" finished-at="2023-01-02T16:47:17 IST" duration-ms="4514" status="PASS">
          <params>
            <param index="0">
              <value>
                <![CDATA[1]]>
              </value>
            </param>
            <param index="1">
              <value>
                <![CDATA[9879809860]]>
              </value>
            </param>
            <param index="2">
              <value>
                <![CDATA[KIYUEGD]]>
              </value>
            </param>
            <param index="3">
              <value>
                <![CDATA[400]]>
              </value>
            </param>
            <param index="4">
              <value>
                <![CDATA[UUU]]>
              </value>
            </param>
          </params>
          <reporter-output>
          </reporter-output>
        </test-method> <!-- WIRETRANS -->
        <test-method is-config="true" signature="logout()[pri:0, instance:sample.WIRE_TRANSFER@2e6a8155]" started-at="2023-01-02T16:47:17 IST" name="logout" finished-at="2023-01-02T16:47:19 IST" duration-ms="2017" status="PASS">
          <reporter-output>
          </reporter-output>
        </test-method> <!-- logout -->
        <test-method is-config="true" signature="Teardown()[pri:0, instance:sample.WIRE_TRANSFER@2e6a8155]" started-at="2023-01-02T16:47:19 IST" name="Teardown" finished-at="2023-01-02T16:47:20 IST" duration-ms="205" status="PASS">
          <reporter-output>
          </reporter-output>
        </test-method> <!-- Teardown -->
      </class> <!-- sample.WIRE_TRANSFER -->
      <class name="sample.DASHBOARD_01">
        <test-method is-config="true" signature="setup()[pri:0, instance:sample.DASHBOARD_01@121314f7]" started-at="2023-01-02T16:41:03 IST" name="setup" finished-at="2023-01-02T16:41:12 IST" duration-ms="8694" status="PASS">
          <reporter-output>
          </reporter-output>
        </test-method> <!-- setup -->
        <test-method is-config="true" signature="login()[pri:0, instance:sample.DASHBOARD_01@121314f7]" started-at="2023-01-02T16:41:15 IST" name="login" finished-at="2023-01-02T16:41:18 IST" duration-ms="3611" status="PASS">
          <reporter-output>
          </reporter-output>
        </test-method> <!-- login -->
        <test-method signature="SUPPORTTICKET(java.lang.String,java.lang.String)[pri:0, instance:sample.DASHBOARD_01@121314f7]" started-at="2023-01-02T16:41:18 IST" name="SUPPORTTICKET" data-provider="OrgData" finished-at="2023-01-02T16:41:26 IST" duration-ms="7767" status="PASS">
          <params>
            <param index="0">
              <value>
                <![CDATA[wngal46@gmail.com]]>
              </value>
            </param>
            <param index="1">
              <value>
                <![CDATA[SAICHARAN]]>
              </value>
            </param>
          </params>
          <reporter-output>
          </reporter-output>
        </test-method> <!-- SUPPORTTICKET -->
        <test-method is-config="true" signature="logout()[pri:0, instance:sample.DASHBOARD_01@121314f7]" started-at="2023-01-02T16:41:26 IST" name="logout" finished-at="2023-01-02T16:41:28 IST" duration-ms="1924" status="PASS">
          <reporter-output>
          </reporter-output>
        </test-method> <!-- logout -->
        <test-method is-config="true" signature="login()[pri:0, instance:sample.DASHBOARD_01@121314f7]" started-at="2023-01-02T16:41:28 IST" name="login" finished-at="2023-01-02T16:41:31 IST" duration-ms="2915" status="PASS">
          <reporter-output>
          </reporter-output>
        </test-method> <!-- login -->
        <test-method signature="SUPPORTTICKET(java.lang.String,java.lang.String)[pri:0, instance:sample.DASHBOARD_01@121314f7]" started-at="2023-01-02T16:41:31 IST" name="SUPPORTTICKET" data-provider="OrgData" finished-at="2023-01-02T16:41:38 IST" duration-ms="7307" status="PASS">
          <params>
            <param index="0">
              <value>
                <![CDATA[GOOD]]>
              </value>
            </param>
            <param index="1">
              <value>
                <![CDATA[RIGHT]]>
              </value>
            </param>
          </params>
          <reporter-output>
          </reporter-output>
        </test-method> <!-- SUPPORTTICKET -->
        <test-method is-config="true" signature="logout()[pri:0, instance:sample.DASHBOARD_01@121314f7]" started-at="2023-01-02T16:41:38 IST" name="logout" finished-at="2023-01-02T16:41:40 IST" duration-ms="1959" status="PASS">
          <reporter-output>
          </reporter-output>
        </test-method> <!-- logout -->
        <test-method is-config="true" signature="login()[pri:0, instance:sample.DASHBOARD_01@121314f7]" started-at="2023-01-02T16:41:40 IST" name="login" finished-at="2023-01-02T16:41:44 IST" duration-ms="3292" status="PASS">
          <reporter-output>
          </reporter-output>
        </test-method> <!-- login -->
        <test-method signature="SUPPORTTICKET(java.lang.String,java.lang.String)[pri:0, instance:sample.DASHBOARD_01@121314f7]" started-at="2023-01-02T16:41:44 IST" name="SUPPORTTICKET" data-provider="OrgData" finished-at="2023-01-02T16:41:51 IST" duration-ms="7916" status="PASS">
          <params>
            <param index="0">
              <value>
                <![CDATA[FRIDAY]]>
              </value>
            </param>
            <param index="1">
              <value>
                <![CDATA[FRIDAY]]>
              </value>
            </param>
          </params>
          <reporter-output>
          </reporter-output>
        </test-method> <!-- SUPPORTTICKET -->
        <test-method is-config="true" signature="logout()[pri:0, instance:sample.DASHBOARD_01@121314f7]" started-at="2023-01-02T16:41:51 IST" name="logout" finished-at="2023-01-02T16:41:53 IST" duration-ms="1956" status="PASS">
          <reporter-output>
          </reporter-output>
        </test-method> <!-- logout -->
        <test-method is-config="true" signature="login()[pri:0, instance:sample.DASHBOARD_01@121314f7]" started-at="2023-01-02T16:41:53 IST" name="login" finished-at="2023-01-02T16:41:56 IST" duration-ms="2758" status="PASS">
          <reporter-output>
          </reporter-output>
        </test-method> <!-- login -->
        <test-method signature="SUPPORTTICKET(java.lang.String,java.lang.String)[pri:0, instance:sample.DASHBOARD_01@121314f7]" started-at="2023-01-02T16:41:56 IST" name="SUPPORTTICKET" data-provider="OrgData" finished-at="2023-01-02T16:42:06 IST" duration-ms="9359" status="PASS">
          <params>
            <param index="0">
              <value>
                <![CDATA[SATURDAY]]>
              </value>
            </param>
            <param index="1">
              <value>
                <![CDATA[SATURDAY]]>
              </value>
            </param>
          </params>
          <reporter-output>
          </reporter-output>
        </test-method> <!-- SUPPORTTICKET -->
        <test-method is-config="true" signature="logout()[pri:0, instance:sample.DASHBOARD_01@121314f7]" started-at="2023-01-02T16:42:06 IST" name="logout" finished-at="2023-01-02T16:42:08 IST" duration-ms="1985" status="PASS">
          <reporter-output>
          </reporter-output>
        </test-method> <!-- logout -->
        <test-method is-config="true" signature="login()[pri:0, instance:sample.DASHBOARD_01@121314f7]" started-at="2023-01-02T16:42:08 IST" name="login" finished-at="2023-01-02T16:42:10 IST" duration-ms="2896" status="PASS">
          <reporter-output>
          </reporter-output>
        </test-method> <!-- login -->
        <test-method signature="SUPPORTTICKET(java.lang.String,java.lang.String)[pri:0, instance:sample.DASHBOARD_01@121314f7]" started-at="2023-01-02T16:42:10 IST" name="SUPPORTTICKET" data-provider="OrgData" finished-at="2023-01-02T16:42:19 IST" duration-ms="8272" status="PASS">
          <params>
            <param index="0">
              <value>
                <![CDATA[SUNDAY]]>
              </value>
            </param>
            <param index="1">
              <value>
                <![CDATA[SUNDAY]]>
              </value>
            </param>
          </params>
          <reporter-output>
          </reporter-output>
        </test-method> <!-- SUPPORTTICKET -->
        <test-method is-config="true" signature="logout()[pri:0, instance:sample.DASHBOARD_01@121314f7]" started-at="2023-01-02T16:42:19 IST" name="logout" finished-at="2023-01-02T16:42:21 IST" duration-ms="2432" status="PASS">
          <reporter-output>
          </reporter-output>
        </test-method> <!-- logout -->
        <test-method is-config="true" signature="login()[pri:0, instance:sample.DASHBOARD_01@121314f7]" started-at="2023-01-02T16:42:21 IST" name="login" finished-at="2023-01-02T16:42:25 IST" duration-ms="3703" status="PASS">
          <reporter-output>
          </reporter-output>
        </test-method> <!-- login -->
        <test-method signature="SUPPORTTICKET(java.lang.String,java.lang.String)[pri:0, instance:sample.DASHBOARD_01@121314f7]" started-at="2023-01-02T16:42:25 IST" name="SUPPORTTICKET" data-provider="OrgData" finished-at="2023-01-02T16:42:34 IST" duration-ms="9139" status="PASS">
          <params>
            <param index="0">
              <value>
                <![CDATA[MONDAY]]>
              </value>
            </param>
            <param index="1">
              <value>
                <![CDATA[MONDAY]]>
              </value>
            </param>
          </params>
          <reporter-output>
          </reporter-output>
        </test-method> <!-- SUPPORTTICKET -->
        <test-method is-config="true" signature="logout()[pri:0, instance:sample.DASHBOARD_01@121314f7]" started-at="2023-01-02T16:42:34 IST" name="logout" finished-at="2023-01-02T16:42:36 IST" duration-ms="2113" status="PASS">
          <reporter-output>
          </reporter-output>
        </test-method> <!-- logout -->
        <test-method is-config="true" signature="login()[pri:0, instance:sample.DASHBOARD_01@121314f7]" started-at="2023-01-02T16:42:36 IST" name="login" finished-at="2023-01-02T16:42:39 IST" duration-ms="2586" status="PASS">
          <reporter-output>
          </reporter-output>
        </test-method> <!-- login -->
        <test-method signature="SUPPORTTICKET(java.lang.String,java.lang.String)[pri:0, instance:sample.DASHBOARD_01@121314f7]" started-at="2023-01-02T16:42:39 IST" name="SUPPORTTICKET" data-provider="OrgData" finished-at="2023-01-02T16:42:47 IST" duration-ms="8688" status="PASS">
          <params>
            <param index="0">
              <value>
                <![CDATA[TUESDAY]]>
              </value>
            </param>
            <param index="1">
              <value>
                <![CDATA[TUESDAY]]>
              </value>
            </param>
          </params>
          <reporter-output>
          </reporter-output>
        </test-method> <!-- SUPPORTTICKET -->
        <test-method is-config="true" signature="logout()[pri:0, instance:sample.DASHBOARD_01@121314f7]" started-at="2023-01-02T16:42:47 IST" name="logout" finished-at="2023-01-02T16:42:50 IST" duration-ms="2591" status="PASS">
          <reporter-output>
          </reporter-output>
        </test-method> <!-- logout -->
        <test-method is-config="true" signature="login()[pri:0, instance:sample.DASHBOARD_01@121314f7]" started-at="2023-01-02T16:42:50 IST" name="login" finished-at="2023-01-02T16:42:53 IST" duration-ms="3079" status="PASS">
          <reporter-output>
          </reporter-output>
        </test-method> <!-- login -->
        <test-method signature="SUPPORTTICKET(java.lang.String,java.lang.String)[pri:0, instance:sample.DASHBOARD_01@121314f7]" started-at="2023-01-02T16:42:53 IST" name="SUPPORTTICKET" data-provider="OrgData" finished-at="2023-01-02T16:43:02 IST" duration-ms="8485" status="PASS">
          <params>
            <param index="0">
              <value>
                <![CDATA[WEDNESDAY]]>
              </value>
            </param>
            <param index="1">
              <value>
                <![CDATA[WEDNESDAY]]>
              </value>
            </param>
          </params>
          <reporter-output>
          </reporter-output>
        </test-method> <!-- SUPPORTTICKET -->
        <test-method is-config="true" signature="logout()[pri:0, instance:sample.DASHBOARD_01@121314f7]" started-at="2023-01-02T16:43:02 IST" name="logout" finished-at="2023-01-02T16:43:04 IST" duration-ms="2528" status="PASS">
          <reporter-output>
          </reporter-output>
        </test-method> <!-- logout -->
        <test-method is-config="true" signature="Teardown()[pri:0, instance:sample.DASHBOARD_01@121314f7]" started-at="2023-01-02T16:43:04 IST" name="Teardown" finished-at="2023-01-02T16:43:04 IST" duration-ms="256" status="PASS">
          <reporter-output>
          </reporter-output>
        </test-method> <!-- Teardown -->
      </class> <!-- sample.DASHBOARD_01 -->
      <class name="sample.SEND_MONEY">
        <test-method is-config="true" signature="setup()[pri:0, instance:sample.SEND_MONEY@6fdbe764]" started-at="2023-01-02T16:43:04 IST" name="setup" finished-at="2023-01-02T16:43:10 IST" duration-ms="6105" status="PASS">
          <reporter-output>
          </reporter-output>
        </test-method> <!-- setup -->
        <test-method is-config="true" signature="login()[pri:0, instance:sample.SEND_MONEY@6fdbe764]" started-at="2023-01-02T16:43:11 IST" name="login" finished-at="2023-01-02T16:43:15 IST" duration-ms="3858" status="PASS">
          <reporter-output>
          </reporter-output>
        </test-method> <!-- login -->
        <test-method signature="SENDMONEY(java.lang.String,java.lang.String,java.lang.String,java.lang.String)[pri:0, instance:sample.SEND_MONEY@6fdbe764]" started-at="2023-01-02T16:43:15 IST" name="SENDMONEY" data-provider="SENDMONEY" finished-at="2023-01-02T16:43:19 IST" duration-ms="3915" status="PASS">
          <params>
            <param index="0">
              <value>
                <![CDATA[1234554322]]>
              </value>
            </param>
            <param index="1">
              <value>
                <![CDATA[1]]>
              </value>
            </param>
            <param index="2">
              <value>
                <![CDATA[100]]>
              </value>
            </param>
            <param index="3">
              <value>
                <![CDATA[FOOD DEPOSIT]]>
              </value>
            </param>
          </params>
          <reporter-output>
          </reporter-output>
        </test-method> <!-- SENDMONEY -->
        <test-method is-config="true" signature="logout()[pri:0, instance:sample.SEND_MONEY@6fdbe764]" started-at="2023-01-02T16:43:19 IST" name="logout" finished-at="2023-01-02T16:43:21 IST" duration-ms="2083" status="PASS">
          <reporter-output>
          </reporter-output>
        </test-method> <!-- logout -->
        <test-method is-config="true" signature="login()[pri:0, instance:sample.SEND_MONEY@6fdbe764]" started-at="2023-01-02T16:43:21 IST" name="login" finished-at="2023-01-02T16:43:24 IST" duration-ms="2860" status="PASS">
          <reporter-output>
          </reporter-output>
        </test-method> <!-- login -->
        <test-method signature="SENDMONEY(java.lang.String,java.lang.String,java.lang.String,java.lang.String)[pri:0, instance:sample.SEND_MONEY@6fdbe764]" started-at="2023-01-02T16:43:24 IST" name="SENDMONEY" data-provider="SENDMONEY" finished-at="2023-01-02T16:43:28 IST" duration-ms="4272" status="PASS">
          <params>
            <param index="0">
              <value>
                <![CDATA[1234554322]]>
              </value>
            </param>
            <param index="1">
              <value>
                <![CDATA[1]]>
              </value>
            </param>
            <param index="2">
              <value>
                <![CDATA[300]]>
              </value>
            </param>
            <param index="3">
              <value>
                <![CDATA[fOOD DEPOSIT_1]]>
              </value>
            </param>
          </params>
          <reporter-output>
          </reporter-output>
        </test-method> <!-- SENDMONEY -->
        <test-method is-config="true" signature="logout()[pri:0, instance:sample.SEND_MONEY@6fdbe764]" started-at="2023-01-02T16:43:28 IST" name="logout" finished-at="2023-01-02T16:43:30 IST" duration-ms="2046" status="PASS">
          <reporter-output>
          </reporter-output>
        </test-method> <!-- logout -->
        <test-method is-config="true" signature="login()[pri:0, instance:sample.SEND_MONEY@6fdbe764]" started-at="2023-01-02T16:43:30 IST" name="login" finished-at="2023-01-02T16:43:33 IST" duration-ms="3084" status="PASS">
          <reporter-output>
          </reporter-output>
        </test-method> <!-- login -->
        <test-method signature="SENDMONEY(java.lang.String,java.lang.String,java.lang.String,java.lang.String)[pri:0, instance:sample.SEND_MONEY@6fdbe764]" started-at="2023-01-02T16:43:33 IST" name="SENDMONEY" data-provider="SENDMONEY" finished-at="2023-01-02T16:43:37 IST" duration-ms="3913" status="PASS">
          <params>
            <param index="0">
              <value>
                <![CDATA[1234554322]]>
              </value>
            </param>
            <param index="1">
              <value>
                <![CDATA[1]]>
              </value>
            </param>
            <param index="2">
              <value>
                <![CDATA[500]]>
              </value>
            </param>
            <param index="3">
              <value>
                <![CDATA[fOOD DEPOSIT_2]]>
              </value>
            </param>
          </params>
          <reporter-output>
          </reporter-output>
        </test-method> <!-- SENDMONEY -->
        <test-method is-config="true" signature="logout()[pri:0, instance:sample.SEND_MONEY@6fdbe764]" started-at="2023-01-02T16:43:37 IST" name="logout" finished-at="2023-01-02T16:43:39 IST" duration-ms="2005" status="PASS">
          <reporter-output>
          </reporter-output>
        </test-method> <!-- logout -->
        <test-method is-config="true" signature="login()[pri:0, instance:sample.SEND_MONEY@6fdbe764]" started-at="2023-01-02T16:43:39 IST" name="login" finished-at="2023-01-02T16:43:42 IST" duration-ms="3091" status="PASS">
          <reporter-output>
          </reporter-output>
        </test-method> <!-- login -->
        <test-method signature="SENDMONEY(java.lang.String,java.lang.String,java.lang.String,java.lang.String)[pri:0, instance:sample.SEND_MONEY@6fdbe764]" started-at="2023-01-02T16:43:42 IST" name="SENDMONEY" data-provider="SENDMONEY" finished-at="2023-01-02T16:43:47 IST" duration-ms="4102" status="PASS">
          <params>
            <param index="0">
              <value>
                <![CDATA[1234554322]]>
              </value>
            </param>
            <param index="1">
              <value>
                <![CDATA[1]]>
              </value>
            </param>
            <param index="2">
              <value>
                <![CDATA[700]]>
              </value>
            </param>
            <param index="3">
              <value>
                <![CDATA[fOOD DEPOSIT_3]]>
              </value>
            </param>
          </params>
          <reporter-output>
          </reporter-output>
        </test-method> <!-- SENDMONEY -->
        <test-method is-config="true" signature="logout()[pri:0, instance:sample.SEND_MONEY@6fdbe764]" started-at="2023-01-02T16:43:47 IST" name="logout" finished-at="2023-01-02T16:43:49 IST" duration-ms="2251" status="PASS">
          <reporter-output>
          </reporter-output>
        </test-method> <!-- logout -->
        <test-method is-config="true" signature="login()[pri:0, instance:sample.SEND_MONEY@6fdbe764]" started-at="2023-01-02T16:43:49 IST" name="login" finished-at="2023-01-02T16:43:53 IST" duration-ms="4064" status="PASS">
          <reporter-output>
          </reporter-output>
        </test-method> <!-- login -->
        <test-method signature="SENDMONEY(java.lang.String,java.lang.String,java.lang.String,java.lang.String)[pri:0, instance:sample.SEND_MONEY@6fdbe764]" started-at="2023-01-02T16:43:53 IST" name="SENDMONEY" data-provider="SENDMONEY" finished-at="2023-01-02T16:43:57 IST" duration-ms="4035" status="PASS">
          <params>
            <param index="0">
              <value>
                <![CDATA[1234554322]]>
              </value>
            </param>
            <param index="1">
              <value>
                <![CDATA[1]]>
              </value>
            </param>
            <param index="2">
              <value>
                <![CDATA[900]]>
              </value>
            </param>
            <param index="3">
              <value>
                <![CDATA[fOOD DEPOSIT_4]]>
              </value>
            </param>
          </params>
          <reporter-output>
          </reporter-output>
        </test-method> <!-- SENDMONEY -->
        <test-method is-config="true" signature="logout()[pri:0, instance:sample.SEND_MONEY@6fdbe764]" started-at="2023-01-02T16:43:57 IST" name="logout" finished-at="2023-01-02T16:44:00 IST" duration-ms="3508" status="PASS">
          <reporter-output>
          </reporter-output>
        </test-method> <!-- logout -->
        <test-method is-config="true" signature="login()[pri:0, instance:sample.SEND_MONEY@6fdbe764]" started-at="2023-01-02T16:44:00 IST" name="login" finished-at="2023-01-02T16:44:04 IST" duration-ms="3873" status="PASS">
          <reporter-output>
          </reporter-output>
        </test-method> <!-- login -->
        <test-method signature="SENDMONEY(java.lang.String,java.lang.String,java.lang.String,java.lang.String)[pri:0, instance:sample.SEND_MONEY@6fdbe764]" started-at="2023-01-02T16:44:04 IST" name="SENDMONEY" data-provider="SENDMONEY" finished-at="2023-01-02T16:44:08 IST" duration-ms="4093" status="PASS">
          <params>
            <param index="0">
              <value>
                <![CDATA[1234554322]]>
              </value>
            </param>
            <param index="1">
              <value>
                <![CDATA[1]]>
              </value>
            </param>
            <param index="2">
              <value>
                <![CDATA[1100]]>
              </value>
            </param>
            <param index="3">
              <value>
                <![CDATA[fOOD DEPOSIT_5]]>
              </value>
            </param>
          </params>
          <reporter-output>
          </reporter-output>
        </test-method> <!-- SENDMONEY -->
        <test-method is-config="true" signature="logout()[pri:0, instance:sample.SEND_MONEY@6fdbe764]" started-at="2023-01-02T16:44:08 IST" name="logout" finished-at="2023-01-02T16:44:11 IST" duration-ms="2231" status="PASS">
          <reporter-output>
          </reporter-output>
        </test-method> <!-- logout -->
        <test-method is-config="true" signature="login()[pri:0, instance:sample.SEND_MONEY@6fdbe764]" started-at="2023-01-02T16:44:11 IST" name="login" finished-at="2023-01-02T16:44:14 IST" duration-ms="2963" status="PASS">
          <reporter-output>
          </reporter-output>
        </test-method> <!-- login -->
        <test-method signature="SENDMONEY(java.lang.String,java.lang.String,java.lang.String,java.lang.String)[pri:0, instance:sample.SEND_MONEY@6fdbe764]" started-at="2023-01-02T16:44:14 IST" name="SENDMONEY" data-provider="SENDMONEY" finished-at="2023-01-02T16:44:18 IST" duration-ms="4114" status="PASS">
          <params>
            <param index="0">
              <value>
                <![CDATA[1234554322]]>
              </value>
            </param>
            <param index="1">
              <value>
                <![CDATA[1]]>
              </value>
            </param>
            <param index="2">
              <value>
                <![CDATA[1300]]>
              </value>
            </param>
            <param index="3">
              <value>
                <![CDATA[fOOD DEPOSIT_6]]>
              </value>
            </param>
          </params>
          <reporter-output>
          </reporter-output>
        </test-method> <!-- SENDMONEY -->
        <test-method is-config="true" signature="logout()[pri:0, instance:sample.SEND_MONEY@6fdbe764]" started-at="2023-01-02T16:44:18 IST" name="logout" finished-at="2023-01-02T16:44:20 IST" duration-ms="2014" status="PASS">
          <reporter-output>
          </reporter-output>
        </test-method> <!-- logout -->
        <test-method is-config="true" signature="login()[pri:0, instance:sample.SEND_MONEY@6fdbe764]" started-at="2023-01-02T16:44:20 IST" name="login" finished-at="2023-01-02T16:44:23 IST" duration-ms="3082" status="PASS">
          <reporter-output>
          </reporter-output>
        </test-method> <!-- login -->
        <test-method signature="SENDMONEY(java.lang.String,java.lang.String,java.lang.String,java.lang.String)[pri:0, instance:sample.SEND_MONEY@6fdbe764]" started-at="2023-01-02T16:44:23 IST" name="SENDMONEY" data-provider="SENDMONEY" finished-at="2023-01-02T16:44:27 IST" duration-ms="4443" status="PASS">
          <params>
            <param index="0">
              <value>
                <![CDATA[1234554322]]>
              </value>
            </param>
            <param index="1">
              <value>
                <![CDATA[1]]>
              </value>
            </param>
            <param index="2">
              <value>
                <![CDATA[1500]]>
              </value>
            </param>
            <param index="3">
              <value>
                <![CDATA[fOOD DEPOSIT_7]]>
              </value>
            </param>
          </params>
          <reporter-output>
          </reporter-output>
        </test-method> <!-- SENDMONEY -->
        <test-method is-config="true" signature="logout()[pri:0, instance:sample.SEND_MONEY@6fdbe764]" started-at="2023-01-02T16:44:27 IST" name="logout" finished-at="2023-01-02T16:44:29 IST" duration-ms="2131" status="PASS">
          <reporter-output>
          </reporter-output>
        </test-method> <!-- logout -->
        <test-method is-config="true" signature="Teardown()[pri:0, instance:sample.SEND_MONEY@6fdbe764]" started-at="2023-01-02T16:44:29 IST" name="Teardown" finished-at="2023-01-02T16:44:30 IST" duration-ms="253" status="PASS">
          <reporter-output>
          </reporter-output>
        </test-method> <!-- Teardown -->
      </class> <!-- sample.SEND_MONEY -->
    </test> <!-- Test -->
  </suite> <!-- Suite -->
</testng-results>
